#	Working Directory/am/phoenix/home1/subramhars/workspace/ResearchTestApplication
#	Solution: Solution4
#	LogPath: ./logs
#	Runs: 100
#	Students: 1000
#	Courses: 1000
#	Groups:100
#	CsvBase: ./data/
#	CreateCsv: true
#	Initialize: false
#RUN:1#INSERT
insert_user:1771
insert_course:1345
insert_enrolment:22378

update_course:12529

update_enrolment:18577

update_user:18089

delete_enrolment:6014 
delete_user:4217

delete_course:4115

#RUN:2#INSERT
insert_user:579
insert_course:573
insert_enrolment:16103

update_course:9057

update_enrolment:17097

update_user:16486

delete_enrolment:5728
delete_user:3799

delete_course:3685

#RUN:3#INSERT
insert_user:547
insert_course:570
insert_enrolment:16075

update_course:8392

update_enrolment:17238

update_user:16157

delete_enrolment:5715
delete_user:3649

delete_course:3563

#RUN:4#INSERT
insert_user:637
insert_course:578
insert_enrolment:15948

update_course:8241

update_enrolment:17265

update_user:16075

delete_enrolment:5823
delete_user:3645

delete_course:3589

#RUN:5#INSERT
insert_user:578
insert_course:583
insert_enrolment:15938

update_course:8252

update_enrolment:17213

update_user:16110

delete_enrolment:5821
delete_user:3579

delete_course:3576

#RUN:6#INSERT
insert_user:590
insert_course:577
insert_enrolment:15854

update_course:8188

update_enrolment:17099

update_user:16094

delete_enrolment:5747
delete_user:3652

delete_course:3611

#RUN:7#INSERT
insert_user:588
insert_course:594
insert_enrolment:15887

update_course:8241

update_enrolment:17154

update_user:16194

delete_enrolment:5768
delete_user:3524

delete_course:3533

#RUN:8#INSERT
insert_user:583
insert_course:576
insert_enrolment:16152

update_course:8195

update_enrolment:17381

update_user:17952

delete_enrolment:7188
delete_user:3707

delete_course:3705

#RUN:9#INSERT
insert_user:582
insert_course:607
insert_enrolment:15979

update_course:8339

update_enrolment:17139

update_user:16133

delete_enrolment:5669
delete_user:3605

delete_course:3657

#RUN:10#INSERT
insert_user:620
insert_course:589
insert_enrolment:16063

update_course:8328

update_enrolment:17287

update_user:16165

delete_enrolment:5650
delete_user:3637

delete_course:3652

#RUN:11#INSERT
insert_user:580
insert_course:599
insert_enrolment:16071

update_course:8255

update_enrolment:17320

update_user:16145

delete_enrolment:5680
delete_user:3644

delete_course:3636

#RUN:12#INSERT
insert_user:585
insert_course:596
insert_enrolment:15880

update_course:8310

update_enrolment:17140

update_user:16242

delete_enrolment:5746
delete_user:3700

delete_course:3648

#RUN:13#INSERT
insert_user:598
insert_course:611
insert_enrolment:16020

update_course:8333

update_enrolment:17285

update_user:16185

delete_enrolment:5691
delete_user:3666

delete_course:3620

#RUN:14#INSERT
insert_user:584
insert_course:594
insert_enrolment:16014

update_course:8296

update_enrolment:17492

update_user:16291

delete_enrolment:5858
delete_user:3629

delete_course:3645

#RUN:15#INSERT
insert_user:589
insert_course:601
insert_enrolment:16182

update_course:8350

update_enrolment:17435

update_user:16248

delete_enrolment:5770
delete_user:3724

delete_course:3661

#RUN:16#INSERT
insert_user:598
insert_course:602
insert_enrolment:16341

update_course:9125

update_enrolment:17683

update_user:17519

delete_enrolment:6129
delete_user:3645

delete_course:3677

#RUN:17#INSERT
insert_user:591
insert_course:605
insert_enrolment:16106

update_course:8363

update_enrolment:17380

update_user:16183

delete_enrolment:5645
delete_user:3677

delete_course:3694

#RUN:18#INSERT
insert_user:592
insert_course:595
insert_enrolment:16116

update_course:8281

update_enrolment:17826

update_user:17621

delete_enrolment:6199
delete_user:3673

delete_course:3646

#RUN:19#INSERT
insert_user:598
insert_course:597
insert_enrolment:16040

update_course:8440

update_enrolment:17267

update_user:16225

delete_enrolment:5644
delete_user:3659

delete_course:3667

#RUN:20#INSERT
insert_user:595
insert_course:604
insert_enrolment:16165

update_course:8377

update_enrolment:17469

update_user:16157

delete_enrolment:5737
delete_user:3728

delete_course:3623

#RUN:21#INSERT
insert_user:616
insert_course:607
insert_enrolment:16150

update_course:8390

update_enrolment:17420

update_user:16323

delete_enrolment:5716
delete_user:3659

delete_course:3654

#RUN:22#INSERT
insert_user:596
insert_course:607
insert_enrolment:16215

update_course:8410

update_enrolment:17522

update_user:16303

delete_enrolment:5715
delete_user:3658

delete_course:3708

#RUN:23#INSERT
insert_user:598
insert_course:604
insert_enrolment:16005

update_course:8426

update_enrolment:17232

update_user:16292

delete_enrolment:5724
delete_user:3650

delete_course:3642

#RUN:24#INSERT
insert_user:594
insert_course:609
insert_enrolment:16202

update_course:8423

update_enrolment:17452

update_user:16822

delete_enrolment:6116
delete_user:3691

delete_course:3687

#RUN:25#INSERT
insert_user:599
insert_course:612
insert_enrolment:16024

update_course:8411

update_enrolment:17422

update_user:17615

delete_enrolment:6247
delete_user:3687

delete_course:3722

#RUN:26#INSERT
insert_user:606
insert_course:642
insert_enrolment:16124

update_course:8422

update_enrolment:17349

update_user:16230

delete_enrolment:5608
delete_user:3712

delete_course:3696

#RUN:27#INSERT
insert_user:598
insert_course:606
insert_enrolment:16073

update_course:8448

update_enrolment:17122

update_user:16335

delete_enrolment:5741
delete_user:3684

delete_course:3667

#RUN:28#INSERT
insert_user:608
insert_course:603
insert_enrolment:15992

update_course:8448

update_enrolment:17241

update_user:16355

delete_enrolment:5727
delete_user:3689

delete_course:3689

#RUN:29#INSERT
insert_user:619
insert_course:606
insert_enrolment:15981

update_course:8419

update_enrolment:17284

update_user:16414

delete_enrolment:5991
delete_user:3660

delete_course:3650

#RUN:30#INSERT
insert_user:600
insert_course:613
insert_enrolment:16058

update_course:8489

update_enrolment:17426

update_user:16301

delete_enrolment:5795
delete_user:3659

delete_course:3662

#RUN:31#INSERT
insert_user:602
insert_course:610
insert_enrolment:16315

update_course:8483

update_enrolment:17898

update_user:17709

delete_enrolment:6055
delete_user:3684

delete_course:3713

#RUN:32#INSERT
insert_user:602
insert_course:612
insert_enrolment:16196

update_course:8408

update_enrolment:17534

update_user:16345

delete_enrolment:5824
delete_user:3715

delete_course:3679

#RUN:33#INSERT
insert_user:604
insert_course:613
insert_enrolment:16109

update_course:8363

update_enrolment:17406

update_user:16451

delete_enrolment:6524
delete_user:3684

delete_course:3663

#RUN:34#INSERT
insert_user:627
insert_course:616
insert_enrolment:16452

update_course:8411

update_enrolment:17708

update_user:18527

delete_enrolment:6288
delete_user:3669

delete_course:3752

#RUN:35#INSERT
insert_user:623
insert_course:614
insert_enrolment:16171

update_course:8401

update_enrolment:17723

update_user:16619

delete_enrolment:5952
delete_user:3691

delete_course:3704

#RUN:36#INSERT
insert_user:606
insert_course:612
insert_enrolment:16251

update_course:8486

update_enrolment:17455

update_user:16369

delete_enrolment:5700
delete_user:3662

delete_course:3694

#RUN:37#INSERT
insert_user:630
insert_course:613
insert_enrolment:16226

update_course:8446

update_enrolment:17511

update_user:16303

delete_enrolment:5729
delete_user:3679

delete_course:3689

#RUN:38#INSERT
insert_user:608
insert_course:608
insert_enrolment:16310

update_course:8509

update_enrolment:17605

update_user:16387

delete_enrolment:5777
delete_user:3677

delete_course:3662

#RUN:39#INSERT
insert_user:597
insert_course:614
insert_enrolment:16156

update_course:8480

update_enrolment:17406

update_user:16373

delete_enrolment:5761
delete_user:3710

delete_course:3701

#RUN:40#INSERT
insert_user:600
insert_course:617
insert_enrolment:15845

update_course:8466

update_enrolment:17195

update_user:16289

delete_enrolment:5660
delete_user:3674

delete_course:3670

#RUN:41#INSERT
insert_user:621
insert_course:638
insert_enrolment:16189

update_course:8452

update_enrolment:17541

update_user:16435

delete_enrolment:5729
delete_user:3675

delete_course:3711

#RUN:42#INSERT
insert_user:603
insert_course:613
insert_enrolment:16068

update_course:8427

update_enrolment:17416

update_user:16425

delete_enrolment:5782
delete_user:3704

delete_course:3643

#RUN:43#INSERT
insert_user:607
insert_course:638
insert_enrolment:15990

update_course:8444

update_enrolment:17311

update_user:16367

delete_enrolment:5719
delete_user:3698

delete_course:3663

#RUN:44#INSERT
insert_user:633
insert_course:619
insert_enrolment:16171

update_course:8504

update_enrolment:17440

update_user:16208

delete_enrolment:5695
delete_user:3730

delete_course:3690

#RUN:45#INSERT
insert_user:606
insert_course:650
insert_enrolment:15859

update_course:8458

update_enrolment:17094

update_user:16387

delete_enrolment:5712
delete_user:3734

delete_course:3651

#RUN:46#INSERT
insert_user:605
insert_course:642
insert_enrolment:16218

update_course:8457

update_enrolment:17487

update_user:16350

delete_enrolment:5784
delete_user:3656

delete_course:3672

#RUN:47#INSERT
insert_user:622
insert_course:628
insert_enrolment:15999

update_course:8468

update_enrolment:17262

update_user:16397

delete_enrolment:5751
delete_user:3719

delete_course:3675

#RUN:48#INSERT
insert_user:608
insert_course:615
insert_enrolment:16479

update_course:8480

update_enrolment:17495

update_user:16882

delete_enrolment:6035
delete_user:3693

delete_course:3735

#RUN:49#INSERT
insert_user:610
insert_course:620
insert_enrolment:16300

update_course:8554

update_enrolment:17569

update_user:16414

delete_enrolment:5800
delete_user:3713

delete_course:3687

#RUN:50#INSERT
insert_user:630
insert_course:620
insert_enrolment:16216

update_course:8607

update_enrolment:17501

update_user:16420

delete_enrolment:5802
delete_user:3686

delete_course:3701

#RUN:51#INSERT
insert_user:635
insert_course:636
insert_enrolment:16371

update_course:8510

update_enrolment:17641

update_user:16469

delete_enrolment:5841
delete_user:3707

delete_course:3710

#RUN:52#INSERT
insert_user:639
insert_course:627
insert_enrolment:16337

update_course:8473

update_enrolment:17876

update_user:17879

delete_enrolment:6594
delete_user:3712

delete_course:3692

#RUN:53#INSERT
insert_user:623
insert_course:620
insert_enrolment:16163

update_course:8504

update_enrolment:17432

update_user:16361

delete_enrolment:5762
delete_user:3670

delete_course:3710

#RUN:54#INSERT
insert_user:612
insert_course:618
insert_enrolment:16185

update_course:8513

update_enrolment:17525

update_user:16454

delete_enrolment:5750
delete_user:3676

delete_course:3707

#RUN:55#INSERT
insert_user:671
insert_course:620
insert_enrolment:16049

update_course:8513

update_enrolment:17391

update_user:16663

delete_enrolment:5873
delete_user:3694

delete_course:3678

#RUN:56#INSERT
insert_user:614
insert_course:622
insert_enrolment:16125

update_course:8604

update_enrolment:17489

update_user:16979

delete_enrolment:5966
delete_user:3677

delete_course:3672

#RUN:57#INSERT
insert_user:631
insert_course:625
insert_enrolment:16735

update_course:8598

update_enrolment:17485

update_user:16522

delete_enrolment:5824
delete_user:3684

delete_course:3720

#RUN:58#INSERT
insert_user:614
insert_course:648
insert_enrolment:16136

update_course:8547

update_enrolment:17413

update_user:16417

delete_enrolment:5774
delete_user:3703

delete_course:3687

#RUN:59#INSERT
insert_user:641
insert_course:627
insert_enrolment:16282

update_course:8538

update_enrolment:17542

update_user:16439

delete_enrolment:5804
delete_user:3674

delete_course:3700

#RUN:60#INSERT
insert_user:606
insert_course:626
insert_enrolment:16229

update_course:8560

update_enrolment:17501

update_user:16526

delete_enrolment:6636
delete_user:3703

delete_course:3741

#RUN:61#INSERT
insert_user:610
insert_course:619
insert_enrolment:19716

update_course:10140

update_enrolment:19022

update_user:17793

delete_enrolment:6324
delete_user:3702

delete_course:3693

#RUN:62#INSERT
insert_user:602
insert_course:611
insert_enrolment:16190

update_course:8400

update_enrolment:17400

update_user:16291

delete_enrolment:5775
delete_user:3653

delete_course:3651

#RUN:63#INSERT
insert_user:600
insert_course:596
insert_enrolment:16198

update_course:8456

update_enrolment:17502

update_user:16344

delete_enrolment:5711
delete_user:3704

delete_course:3668

#RUN:64#INSERT
insert_user:598
insert_course:599
insert_enrolment:16300

update_course:8451

update_enrolment:17620

update_user:16382

delete_enrolment:5772
delete_user:3693

delete_course:3695

#RUN:65#INSERT
insert_user:632
insert_course:602
insert_enrolment:16169

update_course:8459

update_enrolment:17516

update_user:16753

delete_enrolment:6028
delete_user:3697

delete_course:3662

#RUN:66#INSERT
insert_user:611
insert_course:605
insert_enrolment:16312

update_course:8533

update_enrolment:17569

update_user:16469

delete_enrolment:5841
delete_user:3657

delete_course:3683

#RUN:67#INSERT
insert_user:601
insert_course:603
insert_enrolment:16189

update_course:8480

update_enrolment:17471

update_user:16409

delete_enrolment:5810
delete_user:3743

delete_course:3674

#RUN:68#INSERT
insert_user:629
insert_course:603
insert_enrolment:16199

update_course:8422

update_enrolment:17525

update_user:16443

delete_enrolment:5789
delete_user:3734

delete_course:3734

#RUN:69#INSERT
insert_user:609
insert_course:611
insert_enrolment:16403

update_course:8698

update_enrolment:17575

update_user:16537

delete_enrolment:5893
delete_user:3921

delete_course:3742

#RUN:70#INSERT
insert_user:607
insert_course:607
insert_enrolment:16067

update_course:8809

update_enrolment:17582

update_user:16927

delete_enrolment:5981
delete_user:3746

delete_course:3670

#RUN:71#INSERT
insert_user:633
insert_course:603
insert_enrolment:16008

update_course:8583

update_enrolment:17246

update_user:16394

delete_enrolment:5696
delete_user:3743

delete_course:3720

#RUN:72#INSERT
insert_user:605
insert_course:610
insert_enrolment:15936

update_course:8552

update_enrolment:17220

update_user:16421

delete_enrolment:5750
delete_user:3724

delete_course:3675

#RUN:73#INSERT
insert_user:603
insert_course:613
insert_enrolment:16005

update_course:8568

update_enrolment:17253

update_user:16494

delete_enrolment:5813
delete_user:3706

delete_course:3679

#RUN:74#INSERT
insert_user:636
insert_course:613
insert_enrolment:16211

update_course:8702

update_enrolment:17474

update_user:16833

delete_enrolment:5952
delete_user:3693

delete_course:3669

#RUN:75#INSERT
insert_user:607
insert_course:618
insert_enrolment:16314

update_course:8601

update_enrolment:17572

update_user:16522

delete_enrolment:5767
delete_user:3699

delete_course:3739

#RUN:76#INSERT
insert_user:640
insert_course:613
insert_enrolment:16153

update_course:9537

update_enrolment:17749

update_user:16916

delete_enrolment:5892
delete_user:3737

delete_course:3799

#RUN:77#INSERT
insert_user:610
insert_course:615
insert_enrolment:16297

update_course:8647

update_enrolment:17587

update_user:16497

delete_enrolment:5828
delete_user:3727

delete_course:3926

#RUN:78#INSERT
insert_user:612
insert_course:616
insert_enrolment:16215

update_course:8630

update_enrolment:17554

update_user:17201

delete_enrolment:6316
delete_user:3734

delete_course:3694

#RUN:79#INSERT
insert_user:630
insert_course:614
insert_enrolment:16155

update_course:8828

update_enrolment:17518

update_user:16931

delete_enrolment:5928
delete_user:3714

delete_course:3728

#RUN:80#INSERT
insert_user:617
insert_course:619
insert_enrolment:16210

update_course:8567

update_enrolment:17487

update_user:16454

delete_enrolment:5761
delete_user:3743

delete_course:3675

#RUN:81#INSERT
insert_user:608
insert_course:614
insert_enrolment:16361

update_course:8590

update_enrolment:17556

update_user:16450

delete_enrolment:5776
delete_user:3702

delete_course:3680

#RUN:82#INSERT
insert_user:636
insert_course:638
insert_enrolment:16625

update_course:8561

update_enrolment:18776

update_user:17312

delete_enrolment:6132
delete_user:3756

delete_course:3877

#RUN:83#INSERT
insert_user:617
insert_course:623
insert_enrolment:16256

update_course:8566

update_enrolment:17618

update_user:16503

delete_enrolment:5764
delete_user:3717

delete_course:3686

#RUN:84#INSERT
insert_user:613
insert_course:635
insert_enrolment:16222

update_course:8524

update_enrolment:17547

update_user:16549

delete_enrolment:5823
delete_user:3686

delete_course:3670

#RUN:85#INSERT
insert_user:616
insert_course:672
insert_enrolment:16059

update_course:8621

update_enrolment:17408

update_user:16575

delete_enrolment:5891
delete_user:3719

delete_course:3733

#RUN:86#INSERT
insert_user:635
insert_course:623
insert_enrolment:16333

update_course:8549

update_enrolment:18001

update_user:16613

delete_enrolment:5873
delete_user:3979

delete_course:3778

#RUN:87#INSERT
insert_user:616
insert_course:621
insert_enrolment:17010

update_course:9265

update_enrolment:17706

update_user:17032

delete_enrolment:5995
delete_user:3747

delete_course:3723

#RUN:88#INSERT
insert_user:620
insert_course:620
insert_enrolment:16323

update_course:8560

update_enrolment:18656

update_user:17479

delete_enrolment:6058
delete_user:3737

delete_course:3695

#RUN:89#INSERT
insert_user:663
insert_course:626
insert_enrolment:16170

update_course:8543

update_enrolment:17476

update_user:16718

delete_enrolment:6085
delete_user:3701

delete_course:3707

#RUN:90#INSERT
insert_user:670
insert_course:621
insert_enrolment:16258

update_course:8537

update_enrolment:17463

update_user:16464

delete_enrolment:5701
delete_user:3696

delete_course:3700

#RUN:91#INSERT
insert_user:646
insert_course:648
insert_enrolment:16345

update_course:8576

update_enrolment:17577

update_user:16462

delete_enrolment:5811
delete_user:3688

delete_course:3716

#RUN:92#INSERT
insert_user:641
insert_course:620
insert_enrolment:16187

update_course:8556

update_enrolment:17529

update_user:16513

delete_enrolment:5788
delete_user:3739

delete_course:3733

#RUN:93#INSERT
insert_user:639
insert_course:619
insert_enrolment:16339

update_course:8495

update_enrolment:17634

update_user:16522

delete_enrolment:5822
delete_user:3683

delete_course:3731

#RUN:94#INSERT
insert_user:641
insert_course:670
insert_enrolment:16347

update_course:8618

update_enrolment:17581

update_user:16597

delete_enrolment:5835
delete_user:3743

delete_course:3791

#RUN:95#INSERT
insert_user:609
insert_course:623
insert_enrolment:16282

update_course:8637

update_enrolment:17578

update_user:16680

delete_enrolment:6072
delete_user:3873

delete_course:4179

#RUN:96#INSERT
insert_user:623
insert_course:616
insert_enrolment:16549

update_course:8621

update_enrolment:17758

update_user:16619

delete_enrolment:5827
delete_user:3750

delete_course:3695

#RUN:97#INSERT
insert_user:620
insert_course:612
insert_enrolment:16213

update_course:8576

update_enrolment:17462

update_user:17369

delete_enrolment:6184
delete_user:3709

delete_course:3707

#RUN:98#INSERT
insert_user:646
insert_course:613
insert_enrolment:16161

update_course:8575

update_enrolment:17485

update_user:16443

delete_enrolment:5736
delete_user:3768

delete_course:3673

#RUN:99#INSERT
insert_user:613
insert_course:614
insert_enrolment:16150

update_course:8677

update_enrolment:17425

update_user:16676

delete_enrolment:5792
delete_user:3711

delete_course:3733

#RUN:100#INSERT
insert_user:625
insert_course:619
insert_enrolment:16243

update_course:8832

update_enrolment:17506

update_user:16546

delete_enrolment:5796
delete_user:3722

delete_course:3722

