#	Working Directory/home/jcrada/Development/hr/ResearchTestApplication
#	Solution: solution2
#	LogPath: ./logs
#	Runs: 100
#	Students: 500
#	Courses: 500
#	Courses Per Student: 10
#	Initialize: false
#	Metadata: {ConstraintName:CONST100;KeySpace:UNIVERSITY;ConstraintType:P;ColumnFamily:harsha.api.example.Student;RKeySpace:UNIVERSITY;RConstraintName:;RColumn:StudentId;DeleteRule:;Metadata:};{ConstraintName:CONST200;KeySpace:UNIVERSITY;ConstraintType:P;ColumnFamily:harsha.api.example.Course;RKeySpace:UNIVERSITY;RConstraintName:;RColumn:CourseId;DeleteRule:;Metadata:};{ConstraintName:CONST300;KeySpace:UNIVERSITY;ConstraintType:P;ColumnFamily:harsha.api.example.Enrolment;RKeySpace:UNIVERSITY;RConstraintName:;RColumn:RowID;DeleteRule:;Metadata:};{ConstraintName:CONST400;KeySpace:UNIVERSITY;ConstraintType:R;ColumnFamily:harsha.api.example.Enrolment;RKeySpace:UNIVERSITY;RConstraintName:CONST100;RColumn:StudentId;DeleteRule:CASCADE;Metadata:};{ConstraintName:CONST500;KeySpace:UNIVERSITY;ConstraintType:R;ColumnFamily:harsha.api.example.Enrolment;RKeySpace:UNIVERSITY;RConstraintName:CONST200;RColumn:CourseId;DeleteRule:NODELETE;Metadata:};{ConstraintName:CONST600;KeySpace:UNIVERSITY;ConstraintType:F;ColumnFamily:harsha.api.example.Course;RKeySpace:UNIVERSITY;RConstraintName:CONST500;RColumn:CourseId;DeleteRule:NODELETE;Metadata:};{ConstraintName:CONST700;KeySpace:UNIVERSITY;ConstraintType:F;ColumnFamily:harsha.api.example.Student;RKeySpace:UNIVERSITY;RConstraintName:CONST400;RColumn:StudentId;DeleteRule:CASCADE;Metadata:};
#RUN:1#INSERT
insert_student:803235505
insert_course:742025389
insert_enrolment:13569533551
update_course:5957810674
update_enrolment:14261144783
update_student:19628374211
delete_enrolment:6518693069
delete_student:9365383702
delete_course:2200672118
#RUN:2#INSERT
insert_student:757912177
insert_course:740548976
insert_enrolment:13212868623
update_course:5540193082
update_enrolment:14886188299
update_student:19890106111
delete_enrolment:6643470597
delete_student:9502038627
delete_course:2178542871
#RUN:3#INSERT
insert_student:760607026
insert_course:789811258
insert_enrolment:13358236533
update_course:5942498990
update_enrolment:15461123828
update_student:19718310995
delete_enrolment:6695976050
delete_student:9308318299
delete_course:2200738453
#RUN:4#INSERT
insert_student:766328548
insert_course:741319210
insert_enrolment:13373774903
update_course:5706704457
update_enrolment:14500649080
update_student:20811727536
delete_enrolment:7055397095
delete_student:10159653690
delete_course:2326287311
#RUN:5#INSERT
insert_student:768140358
insert_course:752249025
insert_enrolment:13376255663
update_course:5997814829
update_enrolment:14224670457
update_student:20087533910
delete_enrolment:7569112358
delete_student:10620700554
delete_course:2388430715
#RUN:6#INSERT
insert_student:842517304
insert_course:752238363
insert_enrolment:14001526730
update_course:5631811626
update_enrolment:15063502533
update_student:20489469901
delete_enrolment:7411869767
delete_student:10105418153
delete_course:2267494154
#RUN:7#INSERT
insert_student:1658345742
insert_course:793551092
insert_enrolment:13982889462
update_course:6104846718
update_enrolment:14838738513
update_student:20486240271
delete_enrolment:7415692113
delete_student:10131149285
delete_course:2269290255
#RUN:8#INSERT
insert_student:769813214
insert_course:748654811
insert_enrolment:14063539519
update_course:5575835298
update_enrolment:14939669258
update_student:20469690356
delete_enrolment:7334501310
delete_student:10192397313
delete_course:2284360086
#RUN:9#INSERT
insert_student:775724460
insert_course:759601539
insert_enrolment:14054642828
update_course:6039790950
update_enrolment:14927275988
update_student:21395524382
delete_enrolment:7750601872
delete_student:10933992488
delete_course:2334284991
#RUN:10#INSERT
insert_student:773260986
insert_course:766563905
insert_enrolment:14083226777
update_course:5877895887
update_enrolment:15077406822
update_student:21145163438
delete_enrolment:7523812141
delete_student:10481706282
delete_course:2314926110
#RUN:11#INSERT
insert_student:838535775
insert_course:747099867
insert_enrolment:14116302919
update_course:6099368832
update_enrolment:15021198139
update_student:21376385483
delete_enrolment:7685712229
delete_student:10959919064
delete_course:2300345230
#RUN:12#INSERT
insert_student:798696457
insert_course:802947028
insert_enrolment:14244211017
update_course:5558496774
update_enrolment:15040236240
update_student:20614569165
delete_enrolment:7461794754
delete_student:10514390337
delete_course:2322317766
#RUN:13#INSERT
insert_student:771055687
insert_course:750472893
insert_enrolment:14012946453
update_course:6027578570
update_enrolment:14916741396
update_student:20908405818
delete_enrolment:7408923813
delete_student:10146193277
delete_course:2282375084
#RUN:14#INSERT
insert_student:782809674
insert_course:790897678
insert_enrolment:14006919374
update_course:5630339629
update_enrolment:15006574453
update_student:20565428514
delete_enrolment:7409432668
delete_student:10754139557
delete_course:2441821350
#RUN:15#INSERT
insert_student:862775279
insert_course:762410809
insert_enrolment:14132301772
update_course:6024658348
update_enrolment:14961528651
update_student:21533097592
delete_enrolment:7753373740
delete_student:10926830474
delete_course:2339650201
#RUN:16#INSERT
insert_student:771479719
insert_course:760865387
insert_enrolment:14032980262
update_course:5595905536
update_enrolment:14870682165
update_student:20560830169
delete_enrolment:7399487829
delete_student:10198683110
delete_course:2289781067
#RUN:17#INSERT
insert_student:753032015
insert_course:770066392
insert_enrolment:14185962605
update_course:6120449773
update_enrolment:14836348173
update_student:20482578465
delete_enrolment:7385232927
delete_student:10232154734
delete_course:2218634858
#RUN:18#INSERT
insert_student:834417747
insert_course:740275479
insert_enrolment:14116481454
update_course:5610388090
update_enrolment:15106396214
update_student:20817801405
delete_enrolment:7642635658
delete_student:10948075255
delete_course:2396855119
#RUN:19#INSERT
insert_student:775188469
insert_course:759812006
insert_enrolment:14025745491
update_course:6044491375
update_enrolment:15055506536
update_student:21016886231
delete_enrolment:7785171163
delete_student:10783583274
delete_course:2312477054
#RUN:20#INSERT
insert_student:784705706
insert_course:761145503
insert_enrolment:14254428971
update_course:5658818901
update_enrolment:15040042165
update_student:20815224847
delete_enrolment:7432277618
delete_student:10324543699
delete_course:2261039511
#RUN:21#INSERT
insert_student:781267861
insert_course:759925168
insert_enrolment:14168711040
update_course:6034882055
update_enrolment:15063674409
update_student:21424291775
delete_enrolment:7797846864
delete_student:11057754540
delete_course:2302249333
#RUN:22#INSERT
insert_student:837044908
insert_course:761926682
insert_enrolment:14128170712
update_course:5622566084
update_enrolment:15088706751
update_student:20489176958
delete_enrolment:7448720152
delete_student:10217815456
delete_course:2253023312
#RUN:23#INSERT
insert_student:797825370
insert_course:830935611
insert_enrolment:14213177822
update_course:6253942831
update_enrolment:15022774193
update_student:20839868382
delete_enrolment:7594130013
delete_student:10782634808
delete_course:2405617929
#RUN:24#INSERT
insert_student:776030845
insert_course:762340411
insert_enrolment:14289320610
update_course:5950475716
update_enrolment:15110255283
update_student:21317355659
delete_enrolment:7629361476
delete_student:10710849437
delete_course:2325126023
#RUN:25#INSERT
insert_student:786737702
insert_course:762657180
insert_enrolment:14172148380
update_course:6117385633
update_enrolment:15080172798
update_student:20617354118
delete_enrolment:7486377748
delete_student:10326634212
delete_course:2216048713
#RUN:26#INSERT
insert_student:781306919
insert_course:764630934
insert_enrolment:14157260029
update_course:5643101136
update_enrolment:15012626013
update_student:21470984563
delete_enrolment:7794003169
delete_student:11035066955
delete_course:2365316485
#RUN:27#INSERT
insert_student:795978437
insert_course:763358836
insert_enrolment:14237700861
update_course:6128687147
update_enrolment:15157777956
update_student:21146855564
delete_enrolment:7642786036
delete_student:10717835671
delete_course:2461603590
#RUN:28#INSERT
insert_student:774564309
insert_course:770665687
insert_enrolment:14015574282
update_course:5665806599
update_enrolment:15339629530
update_student:21031989267
delete_enrolment:7451819861
delete_student:10278944052
delete_course:2272575037
#RUN:29#INSERT
insert_student:825915156
insert_course:740724137
insert_enrolment:14278453490
update_course:6106438780
update_enrolment:15116402828
update_student:20882180453
delete_enrolment:7509391821
delete_student:10512924073
delete_course:2315029198
#RUN:30#INSERT
insert_student:784764689
insert_course:745544091
insert_enrolment:14224375305
update_course:6624995105
update_enrolment:15364374687
update_student:21691975303
delete_enrolment:7740717337
delete_student:11007661219
delete_course:2410947710
#RUN:31#INSERT
insert_student:780556078
insert_course:740739330
insert_enrolment:13817011437
update_course:6035006483
update_enrolment:14661974848
update_student:20232936631
delete_enrolment:7123375327
delete_student:9948696215
delete_course:2260116639
#RUN:32#INSERT
insert_student:788873752
insert_course:759349900
insert_enrolment:13784413927
update_course:5620737828
update_enrolment:14771141270
update_student:20633281147
delete_enrolment:7217911430
delete_student:10188471175
delete_course:2345213208
#RUN:33#INSERT
insert_student:825034610
insert_course:761909408
insert_enrolment:13896612200
update_course:6097649292
update_enrolment:14709081499
update_student:20635103971
delete_enrolment:7365422736
delete_student:10756258601
delete_course:2369262573
#RUN:34#INSERT
insert_student:784127419
insert_course:778916892
insert_enrolment:13861807266
update_course:5641074581
update_enrolment:14739433988
update_student:20788351185
delete_enrolment:7273380378
delete_student:10292847732
delete_course:2416661950
#RUN:35#INSERT
insert_student:802401419
insert_course:756294110
insert_enrolment:14116554747
update_course:6090889027
update_enrolment:14733224282
update_student:20458976409
delete_enrolment:7084265728
delete_student:9955338320
delete_course:2253696610
#RUN:36#INSERT
insert_student:809096353
insert_course:799614436
insert_enrolment:13881438202
update_course:5650257066
update_enrolment:14748978081
update_student:20437139386
delete_enrolment:7357300844
delete_student:10821673180
delete_course:2326445123
#RUN:37#INSERT
insert_student:789183689
insert_course:757582678
insert_enrolment:13876587163
update_course:6038582706
update_enrolment:14728420377
update_student:20814253330
delete_enrolment:7262898198
delete_student:10327723543
delete_course:2369872216
#RUN:38#INSERT
insert_student:785376274
insert_course:761974460
insert_enrolment:13756176770
update_course:5654211672
update_enrolment:14640238514
update_student:20334788447
delete_enrolment:7061480417
delete_student:9950486064
delete_course:2248094629
#RUN:39#INSERT
insert_student:767370282
insert_course:754637742
insert_enrolment:13772306203
update_course:6101602490
update_enrolment:15113335902
update_student:21303855216
delete_enrolment:7475908645
delete_student:10650926172
delete_course:2331366749
#RUN:40#INSERT
insert_student:788632227
insert_course:770483539
insert_enrolment:13989082230
update_course:5878616630
update_enrolment:15095585297
update_student:21168420308
delete_enrolment:7420694249
delete_student:10433974738
delete_course:2380446729
#RUN:41#INSERT
insert_student:816801528
insert_course:766510467
insert_enrolment:14106662574
update_course:6035028281
update_enrolment:14916618413
update_student:20540538538
delete_enrolment:7292250349
delete_student:11014843967
delete_course:2391192958
#RUN:42#INSERT
insert_student:791762243
insert_course:782425753
insert_enrolment:14028661077
update_course:5651531813
update_enrolment:14940066296
update_student:20528014125
delete_enrolment:7270170687
delete_student:10509817884
delete_course:2364910227
#RUN:43#INSERT
insert_student:789830984
insert_course:759592107
insert_enrolment:14090279371
update_course:6100821738
update_enrolment:15023107886
update_student:20551871517
delete_enrolment:7288840732
delete_student:10923769243
delete_course:2346852239
#RUN:44#INSERT
insert_student:848772917
insert_course:803119786
insert_enrolment:14058205787
update_course:5626644417
update_enrolment:14927093218
update_student:20530628915
delete_enrolment:7272575157
delete_student:10115723613
delete_course:2262207596
#RUN:45#INSERT
insert_student:781050288
insert_course:853994281
insert_enrolment:14013934818
update_course:6172853430
update_enrolment:14911979939
update_student:21103746283
delete_enrolment:7551206923
delete_student:10732535435
delete_course:2361158977
#RUN:46#INSERT
insert_student:818928777
insert_course:765706440
insert_enrolment:14061538473
update_course:5667160084
update_enrolment:14978377481
update_student:20638710865
delete_enrolment:7370642524
delete_student:10219173340
delete_course:2283235394
#RUN:47#INSERT
insert_student:772751309
insert_course:772353444
insert_enrolment:14090309072
update_course:6105455916
update_enrolment:14967373793
update_student:20694450713
delete_enrolment:7620471138
delete_student:11122752517
delete_course:2417043057
#RUN:48#INSERT
insert_student:780663287
insert_course:803772426
insert_enrolment:14215433080
update_course:5631580234
update_enrolment:15111851837
update_student:20889280197
delete_enrolment:7490224197
delete_student:10471559901
delete_course:2369923749
#RUN:49#INSERT
insert_student:779278600
insert_course:756822245
insert_enrolment:14168819996
update_course:6074433498
update_enrolment:15013172028
update_student:20517553778
delete_enrolment:7375424775
delete_student:10681122986
delete_course:2403118487
#RUN:50#INSERT
insert_student:788518145
insert_course:767096850
insert_enrolment:14225481410
update_course:5657777363
update_enrolment:15073480093
update_student:20759723676
delete_enrolment:7469412004
delete_student:10298011336
delete_course:2239127845
#RUN:51#INSERT
insert_student:778172979
insert_course:822223022
insert_enrolment:14265208081
update_course:6106937450
update_enrolment:15377558859
update_student:21669243991
delete_enrolment:7817952984
delete_student:11457552909
delete_course:2504401875
#RUN:52#INSERT
insert_student:783608078
insert_course:797839500
insert_enrolment:14155630937
update_course:5754828377
update_enrolment:15036184582
update_student:20726394906
delete_enrolment:7423260364
delete_student:10288119399
delete_course:2230024090
#RUN:53#INSERT
insert_student:777771712
insert_course:759111319
insert_enrolment:14176483089
update_course:6162639139
update_enrolment:15054745730
update_student:20524126935
delete_enrolment:7659959528
delete_student:10685512247
delete_course:2353467600
#RUN:54#INSERT
insert_student:788599289
insert_course:762809840
insert_enrolment:14044708716
update_course:5713728529
update_enrolment:15072787476
update_student:21559216687
delete_enrolment:7691255260
delete_student:10976290806
delete_course:2347756886
#RUN:55#INSERT
insert_student:807875784
insert_course:758980071
insert_enrolment:14014024938
update_course:6044443098
update_enrolment:14988813816
update_student:21138969821
delete_enrolment:7503941942
delete_student:10533526929
delete_course:2427283790
#RUN:56#INSERT
insert_student:810081795
insert_course:829278491
insert_enrolment:14152895777
update_course:5804050338
update_enrolment:15143008183
update_student:20868365634
delete_enrolment:7579419938
delete_student:10387110370
delete_course:2464076026
#RUN:57#INSERT
insert_student:861240004
insert_course:843584373
insert_enrolment:14457648313
update_course:6282657320
update_enrolment:15034069445
update_student:21179125158
delete_enrolment:7564343226
delete_student:10515185510
delete_course:2462031106
#RUN:58#INSERT
insert_student:763419946
insert_course:848850031
insert_enrolment:14093796756
update_course:5837187958
update_enrolment:14886718288
update_student:20662866412
delete_enrolment:7468852459
delete_student:10300228970
delete_course:2388856986
#RUN:59#INSERT
insert_student:842336768
insert_course:859986200
insert_enrolment:14010859261
update_course:6237935864
update_enrolment:14959607188
update_student:21484650105
delete_enrolment:7716454313
delete_student:10965024773
delete_course:2442061385
#RUN:60#INSERT
insert_student:843061912
insert_course:837569715
insert_enrolment:14131418712
update_course:5852709306
update_enrolment:14998227018
update_student:20785375277
delete_enrolment:7482459973
delete_student:10668496943
delete_course:2426801407
#RUN:61#INSERT
insert_student:777362841
insert_course:831797924
insert_enrolment:14171677585
update_course:6296539144
update_enrolment:14950756558
update_student:21139973950
delete_enrolment:7369264629
delete_student:10115259429
delete_course:2340950836
#RUN:62#INSERT
insert_student:786561468
insert_course:829887899
insert_enrolment:14152286775
update_course:5855089196
update_enrolment:15055067688
update_student:20815458499
delete_enrolment:7447017923
delete_student:10314724007
delete_course:2355379648
#RUN:63#INSERT
insert_student:842060600
insert_course:825578560
insert_enrolment:14058488334
update_course:6269036588
update_enrolment:14992525927
update_student:20668064238
delete_enrolment:7358773702
delete_student:11240642597
delete_course:2513686497
#RUN:64#INSERT
insert_student:810344581
insert_course:822942171
insert_enrolment:13927258865
update_course:5824301213
update_enrolment:14787569079
update_student:20268404683
delete_enrolment:7202880600
delete_student:9928789190
delete_course:2429377900
#RUN:65#INSERT
insert_student:785669020
insert_course:830651899
insert_enrolment:13979827698
update_course:6354355633
update_enrolment:14900937362
update_student:20418478116
delete_enrolment:7153573568
delete_student:10029834047
delete_course:2348593520
#RUN:66#INSERT
insert_student:800022825
insert_course:872032309
insert_enrolment:13840952118
update_course:5899717242
update_enrolment:14762799276
update_student:20475758722
delete_enrolment:7589412586
delete_student:11317103292
delete_course:2591145137
#RUN:67#INSERT
insert_student:795799901
insert_course:825583828
insert_enrolment:13935065047
update_course:6521410574
update_enrolment:14740508256
update_student:20301888323
delete_enrolment:7187571206
delete_student:10253473554
delete_course:2408247794
#RUN:68#INSERT
insert_student:815789167
insert_course:827913065
insert_enrolment:13858479344
update_course:5907817417
update_enrolment:14707856694
update_student:20459757289
delete_enrolment:7217117929
delete_student:10128381306
delete_course:2355621427
#RUN:69#INSERT
insert_student:792599512
insert_course:835291074
insert_enrolment:14005374083
update_course:6349238585
update_enrolment:15604022625
update_student:21778598824
delete_enrolment:7690460580
delete_student:11066912577
delete_course:2572594589
#RUN:70#INSERT
insert_student:828763177
insert_course:828679414
insert_enrolment:13960960544
update_course:5829189216
update_enrolment:14799776133
update_student:20363689299
delete_enrolment:7187532696
delete_student:10101681469
delete_course:2348480624
#RUN:71#INSERT
insert_student:782629263
insert_course:835566538
insert_enrolment:13973261322
update_course:6327077213
update_enrolment:14891117792
update_student:20522550595
delete_enrolment:7182927910
delete_student:11336630810
delete_course:2539795781
#RUN:72#INSERT
insert_student:794856685
insert_course:820210528
insert_enrolment:14185063518
update_course:5838621906
update_enrolment:15026692062
update_student:20619540164
delete_enrolment:7421698662
delete_student:10205687295
delete_course:2355092563
#RUN:73#INSERT
insert_student:814233955
insert_course:834450803
insert_enrolment:14205645320
update_course:6313282896
update_enrolment:15267796950
update_student:21012917809
delete_enrolment:7457479791
delete_student:10368658192
delete_course:2296561107
#RUN:74#INSERT
insert_student:861285637
insert_course:828867989
insert_enrolment:14315644973
update_course:5913710983
update_enrolment:16190221130
update_student:20912391549
delete_enrolment:7470881581
delete_student:10392490901
delete_course:2325723899
#RUN:75#INSERT
insert_student:858027258
insert_course:821531689
insert_enrolment:14115228022
update_course:6355609632
update_enrolment:15362568099
update_student:20858843084
delete_enrolment:7431485868
delete_student:10255149820
delete_course:2342781143
#RUN:76#INSERT
insert_student:832416715
insert_course:831326348
insert_enrolment:14488367619
update_course:6023963034
update_enrolment:15058025281
update_student:21518895097
delete_enrolment:7643683613
delete_student:10827301567
delete_course:2473925473
#RUN:77#INSERT
insert_student:856363979
insert_course:836393775
insert_enrolment:14137890901
update_course:6251085624
update_enrolment:15012756109
update_student:20777662105
delete_enrolment:7414359653
delete_student:10699631831
delete_course:2395261237
#RUN:78#INSERT
insert_student:829947012
insert_course:931082215
insert_enrolment:14110983766
update_course:5946161205
update_enrolment:15069906249
update_student:20983879589
delete_enrolment:7446803044
delete_student:10622926404
delete_course:2498476529
#RUN:79#INSERT
insert_student:850445556
insert_course:834685753
insert_enrolment:14023267136
update_course:6302359314
update_enrolment:15007283876
update_student:20849350487
delete_enrolment:7598879079
delete_student:11200319572
delete_course:2472700979
#RUN:80#INSERT
insert_student:863258804
insert_course:942114690
insert_enrolment:14216379167
update_course:5865229571
update_enrolment:15015525906
update_student:20783988933
delete_enrolment:7542766922
delete_student:10748870416
delete_course:2419297683
#RUN:81#INSERT
insert_student:834321073
insert_course:828417213
insert_enrolment:14134252314
update_course:6306849904
update_enrolment:15529809801
update_student:21645558475
delete_enrolment:7775165975
delete_student:10984378234
delete_course:2462663491
#RUN:82#INSERT
insert_student:867946246
insert_course:866390168
insert_enrolment:14232164863
update_course:5831637861
update_enrolment:14911256453
update_student:20987822190
delete_enrolment:7757080312
delete_student:11110398632
delete_course:2465252111
#RUN:83#INSERT
insert_student:825042815
insert_course:842889396
insert_enrolment:14066299518
update_course:6360807640
update_enrolment:15026108221
update_student:20858996642
delete_enrolment:7418486712
delete_student:10320370227
delete_course:2322331098
#RUN:84#INSERT
insert_student:863367506
insert_course:828629470
insert_enrolment:14940823103
update_course:5848686013
update_enrolment:15297225241
update_student:20696787754
delete_enrolment:7520240669
delete_student:10442149919
delete_course:2381055085
#RUN:85#INSERT
insert_student:867406884
insert_course:828995749
insert_enrolment:14032622053
update_course:6306761318
update_enrolment:15148827922
update_student:21603991489
delete_enrolment:7682150106
delete_student:11111839866
delete_course:2432019496
#RUN:86#INSERT
insert_student:862429232
insert_course:894767304
insert_enrolment:14064279533
update_course:5861601879
update_enrolment:15010528241
update_student:20802000551
delete_enrolment:7432088271
delete_student:10256955255
delete_course:2307682935
#RUN:87#INSERT
insert_student:833014808
insert_course:925956575
insert_enrolment:14107588538
update_course:6553480980
update_enrolment:14954558180
update_student:21112885392
delete_enrolment:7935131172
delete_student:11089134042
delete_course:2487420495
#RUN:88#INSERT
insert_student:856856270
insert_course:846967998
insert_enrolment:14009387943
update_course:5877438178
update_enrolment:14904148421
update_student:20622496172
delete_enrolment:7332482167
delete_student:10812029549
delete_course:2508224843
#RUN:89#INSERT
insert_student:844662403
insert_course:835133131
insert_enrolment:14095288576
update_course:6467000137
update_enrolment:15040523344
update_student:20715544277
delete_enrolment:7336512499
delete_student:10810266981
delete_course:2415273378
#RUN:90#INSERT
insert_student:888355787
insert_course:897792438
insert_enrolment:14182131961
update_course:5896336947
update_enrolment:14987563471
update_student:20751735902
delete_enrolment:7334185523
delete_student:10284122355
delete_course:2330570075
#RUN:91#INSERT
insert_student:832642059
insert_course:831516492
insert_enrolment:14104826202
update_course:6289589037
update_enrolment:15107425946
update_student:20832902435
delete_enrolment:7402569678
delete_student:10621726409
delete_course:2406596880
#RUN:92#INSERT
insert_student:884041440
insert_course:844168137
insert_enrolment:14177387591
update_course:5858072273
update_enrolment:15028872974
update_student:21108855527
delete_enrolment:7579503678
delete_student:10717253078
delete_course:2440691232
#RUN:93#INSERT
insert_student:851562840
insert_course:838248494
insert_enrolment:14054843352
update_course:6322582562
update_enrolment:14903455296
update_student:21001374028
delete_enrolment:7357859844
delete_student:10481649812
delete_course:2461456651
#RUN:94#INSERT
insert_student:822152731
insert_course:835813537
insert_enrolment:13986265315
update_course:5893444093
update_enrolment:14882134881
update_student:20780634963
delete_enrolment:7383100465
delete_student:10308009128
delete_course:2323500656
#RUN:95#INSERT
insert_student:863315993
insert_course:839998717
insert_enrolment:14066391488
update_course:6350893725
update_enrolment:14909342506
update_student:21444567057
delete_enrolment:7374320672
delete_student:10665509869
delete_course:2463154519
#RUN:96#INSERT
insert_student:868642758
insert_course:832363758
insert_enrolment:14025499997
update_course:5890278590
update_enrolment:14940894750
update_student:20645155780
delete_enrolment:7192515913
delete_student:10151599533
delete_course:2348757711
#RUN:97#INSERT
insert_student:842713349
insert_course:821090592
insert_enrolment:13929451151
update_course:6693540428
update_enrolment:15155165993
update_student:21587993635
delete_enrolment:7619724542
delete_student:10921774494
delete_course:2397128990
#RUN:98#INSERT
insert_student:862040230
insert_course:831389956
insert_enrolment:13985563414
update_course:5878902849
update_enrolment:14962574961
update_student:20675249610
delete_enrolment:7261552859
delete_student:10142865674
delete_course:2368026958
#RUN:99#INSERT
insert_student:874588801
insert_course:834413262
insert_enrolment:14024093119
update_course:6300465906
update_enrolment:15071100204
update_student:21177401958
delete_enrolment:7493473422
delete_student:10503741513
delete_course:2444619149
#RUN:100#INSERT
insert_student:887094866
insert_course:840984070
insert_enrolment:13893289992
update_course:5881212402
update_enrolment:15066333947
update_student:21556489938
delete_enrolment:7639652614
delete_student:10959205317
delete_course:2480258277
