#	Working Directory/home/jcrada/Development/hr/ResearchTestApplication
#	Solution: solution4
#	LogPath: ./logs
#	Runs: 100
#	Students: 500
#	Courses: 500
#	Courses Per Student: 10
#	Initialize: false
#	Metadata: {ConstraintName:CONST100;KeySpace:UNIVERSITY;ConstraintType:P;ColumnFamily:harsha.api.example.Student;RKeySpace:UNIVERSITY;RConstraintName:;RColumn:StudentId;DeleteRule:;Metadata:};{ConstraintName:CONST200;KeySpace:UNIVERSITY;ConstraintType:P;ColumnFamily:harsha.api.example.Course;RKeySpace:UNIVERSITY;RConstraintName:;RColumn:CourseId;DeleteRule:;Metadata:};{ConstraintName:CONST300;KeySpace:UNIVERSITY;ConstraintType:P;ColumnFamily:harsha.api.example.Enrolment;RKeySpace:UNIVERSITY;RConstraintName:;RColumn:RowID;DeleteRule:;Metadata:};{ConstraintName:CONST400;KeySpace:UNIVERSITY;ConstraintType:R;ColumnFamily:harsha.api.example.Enrolment;RKeySpace:UNIVERSITY;RConstraintName:CONST100;RColumn:StudentId;DeleteRule:CASCADE;Metadata:};{ConstraintName:CONST500;KeySpace:UNIVERSITY;ConstraintType:R;ColumnFamily:harsha.api.example.Enrolment;RKeySpace:UNIVERSITY;RConstraintName:CONST200;RColumn:CourseId;DeleteRule:NODELETE;Metadata:};{ConstraintName:CONST600;KeySpace:UNIVERSITY;ConstraintType:F;ColumnFamily:harsha.api.example.Course;RKeySpace:UNIVERSITY;RConstraintName:CONST500;RColumn:CourseId;DeleteRule:NODELETE;Metadata:};{ConstraintName:CONST700;KeySpace:UNIVERSITY;ConstraintType:F;ColumnFamily:harsha.api.example.Student;RKeySpace:UNIVERSITY;RConstraintName:CONST400;RColumn:StudentId;DeleteRule:CASCADE;Metadata:};
#RUN:1#INSERT
insert_student:343847061
insert_course:332264556
insert_enrolment:9374954716
update_course:4777698187
update_enrolment:10216503598
update_student:14556215841
delete_enrolment:2831616571
delete_student:5383650388
delete_course:1829312292
#RUN:2#INSERT
insert_student:326872470
insert_course:318778591
insert_enrolment:9226434890
update_course:4366522177
update_enrolment:10180912896
update_student:14659807797
delete_enrolment:2812111395
delete_student:5345557986
delete_course:1830065745
#RUN:3#INSERT
insert_student:338873384
insert_course:351339888
insert_enrolment:9303275197
update_course:4805384183
update_enrolment:10337804503
update_student:14675107318
delete_enrolment:2873393872
delete_student:5597264723
delete_course:1920213183
#RUN:4#INSERT
insert_student:345754481
insert_course:329679875
insert_enrolment:9374020444
update_course:4424428660
update_enrolment:10260933584
update_student:14703589253
delete_enrolment:2854589151
delete_student:5297525055
delete_course:1872927306
#RUN:5#INSERT
insert_student:374087154
insert_course:343456667
insert_enrolment:9337770328
update_course:4875367379
update_enrolment:10225229521
update_student:14659973418
delete_enrolment:2844776804
delete_student:5263161966
delete_course:1859938703
#RUN:6#INSERT
insert_student:390237487
insert_course:354740956
insert_enrolment:9391388657
update_course:4412203177
update_enrolment:10331618399
update_student:15455394296
delete_enrolment:3317465481
delete_student:6631939954
delete_course:2213201239
#RUN:7#INSERT
insert_student:372927978
insert_course:330472537
insert_enrolment:9257540793
update_course:4881916308
update_enrolment:10204878702
update_student:14560159194
delete_enrolment:2824873513
delete_student:5251475742
delete_course:1886737226
#RUN:8#INSERT
insert_student:343429284
insert_course:339851890
insert_enrolment:9319953400
update_course:4458127577
update_enrolment:10255707234
update_student:14655661330
delete_enrolment:2906590013
delete_student:6057797710
delete_course:1933307426
#RUN:9#INSERT
insert_student:374587191
insert_course:378108842
insert_enrolment:9304840216
update_course:4918177869
update_enrolment:10275551581
update_student:14604089567
delete_enrolment:2898942122
delete_student:5267198195
delete_course:1880921873
#RUN:10#INSERT
insert_student:348089273
insert_course:344724292
insert_enrolment:9392136098
update_course:4468058260
update_enrolment:10316073131
update_student:14886915949
delete_enrolment:3138004443
delete_student:5998946916
delete_course:1914870915
#RUN:11#INSERT
insert_student:369311941
insert_course:358505805
insert_enrolment:9304349760
update_course:4881018975
update_enrolment:10336510391
update_student:14704968378
delete_enrolment:2884704057
delete_student:5301121117
delete_course:1979154036
#RUN:12#INSERT
insert_student:344762328
insert_course:373230381
insert_enrolment:9359374405
update_course:4464050439
update_enrolment:10631018266
update_student:14742756365
delete_enrolment:2850385867
delete_student:5374356641
delete_course:1885581538
#RUN:13#INSERT
insert_student:346410295
insert_course:342018613
insert_enrolment:9278183070
update_course:4944870781
update_enrolment:10287325727
update_student:14640919331
delete_enrolment:2875050827
delete_student:5331621224
delete_course:1878868032
#RUN:14#INSERT
insert_student:350953103
insert_course:339357861
insert_enrolment:9266828104
update_course:4465118789
update_enrolment:10280714937
update_student:14677685151
delete_enrolment:2878079827
delete_student:5392592722
delete_course:1893821456
#RUN:15#INSERT
insert_student:374647515
insert_course:342956432
insert_enrolment:9359562855
update_course:4929764484
update_enrolment:10378665198
update_student:14800378779
delete_enrolment:2983216853
delete_student:5479624960
delete_course:1966994401
#RUN:16#INSERT
insert_student:350712095
insert_course:342903510
insert_enrolment:9292291705
update_course:4465904509
update_enrolment:10181387142
update_student:14775682974
delete_enrolment:3024191207
delete_student:5747089639
delete_course:2005344833
#RUN:17#INSERT
insert_student:346431670
insert_course:352679716
insert_enrolment:9206946072
update_course:4913889217
update_enrolment:10111102972
update_student:14601990980
delete_enrolment:2815060528
delete_student:5286082670
delete_course:1861657131
#RUN:18#INSERT
insert_student:403148148
insert_course:338966982
insert_enrolment:9295993727
update_course:4500202889
update_enrolment:10303358496
update_student:14642448047
delete_enrolment:2883781215
delete_student:5334811210
delete_course:1854949042
#RUN:19#INSERT
insert_student:371208161
insert_course:333188200
insert_enrolment:9474418783
update_course:4953610545
update_enrolment:10311088562
update_student:14856127763
delete_enrolment:3154539579
delete_student:6049510724
delete_course:1906140593
#RUN:20#INSERT
insert_student:354959254
insert_course:398430957
insert_enrolment:9282845100
update_course:4409581672
update_enrolment:10249204817
update_student:14746001320
delete_enrolment:3048738621
delete_student:5661935275
delete_course:2100181739
#RUN:21#INSERT
insert_student:367319089
insert_course:335694371
insert_enrolment:8621019663
update_course:4762678365
update_enrolment:9651668588
update_student:14232780944
delete_enrolment:2877646807
delete_student:5407132263
delete_course:1897615505
#RUN:22#INSERT
insert_student:353349257
insert_course:362664959
insert_enrolment:9380735204
update_course:4593195990
update_enrolment:10214334204
update_student:14625035346
delete_enrolment:2827176946
delete_student:5402922180
delete_course:1900447642
#RUN:23#INSERT
insert_student:356207646
insert_course:355579234
insert_enrolment:9404058952
update_course:4913003946
update_enrolment:10320233983
update_student:14833614235
delete_enrolment:2876060715
delete_student:5385181460
delete_course:1872624330
#RUN:24#INSERT
insert_student:348150665
insert_course:353212378
insert_enrolment:9295998443
update_course:4450003004
update_enrolment:10293086285
update_student:15312310159
delete_enrolment:3162733328
delete_student:5933835861
delete_course:2118318618
#RUN:25#INSERT
insert_student:356050996
insert_course:350582272
insert_enrolment:9332644270
update_course:4876305310
update_enrolment:10325913798
update_student:14780231865
delete_enrolment:2882262117
delete_student:5614872662
delete_course:1952174781
#RUN:26#INSERT
insert_student:352335295
insert_course:372444568
insert_enrolment:9292866222
update_course:4432379819
update_enrolment:10255872308
update_student:14704957645
delete_enrolment:2963439358
delete_student:5321604663
delete_course:1967735351
#RUN:27#INSERT
insert_student:353248862
insert_course:371362697
insert_enrolment:9416634014
update_course:4926355827
update_enrolment:10315127687
update_student:15431508531
delete_enrolment:2884498560
delete_student:5806014546
delete_course:2323996428
#RUN:28#INSERT
insert_student:377231167
insert_course:333085080
insert_enrolment:9249355230
update_course:4478556154
update_enrolment:10163242226
update_student:14671233248
delete_enrolment:2891107217
delete_student:5358621385
delete_course:1871030036
#RUN:29#INSERT
insert_student:362918697
insert_course:339636170
insert_enrolment:9467455736
update_course:5687715155
update_enrolment:10479054853
update_student:15580054904
delete_enrolment:3221070482
delete_student:6011435264
delete_course:1956750160
#RUN:30#INSERT
insert_student:389042235
insert_course:352402432
insert_enrolment:9316925864
update_course:4496470188
update_enrolment:10296264545
update_student:14825279162
delete_enrolment:2957514243
delete_student:5407847905
delete_course:1922301508
#RUN:31#INSERT
insert_student:355747474
insert_course:345159739
insert_enrolment:9316315824
update_course:4910982941
update_enrolment:10234775613
update_student:14770482169
delete_enrolment:2904664872
delete_student:5313861899
delete_course:1933047294
#RUN:32#INSERT
insert_student:382642720
insert_course:341242640
insert_enrolment:9568304602
update_course:4826622306
update_enrolment:10397328490
update_student:15491003435
delete_enrolment:3195174938
delete_student:5905201080
delete_course:1957435173
#RUN:33#INSERT
insert_student:361850191
insert_course:348853038
insert_enrolment:9311738117
update_course:4975670511
update_enrolment:10596380181
update_student:14896014553
delete_enrolment:2863424746
delete_student:5342193756
delete_course:1910960412
#RUN:34#INSERT
insert_student:351709433
insert_course:341635915
insert_enrolment:9289297540
update_course:4469075536
update_enrolment:10253033573
update_student:14845297450
delete_enrolment:2917403464
delete_student:5465991933
delete_course:2007262084
#RUN:35#INSERT
insert_student:355159953
insert_course:347537119
insert_enrolment:9319605942
update_course:4955350983
update_enrolment:10285111520
update_student:14793763856
delete_enrolment:2862224859
delete_student:5748004595
delete_course:2030437450
#RUN:36#INSERT
insert_student:390891760
insert_course:342544099
insert_enrolment:9344621192
update_course:4560300383
update_enrolment:10247204220
update_student:14705225832
delete_enrolment:2897996548
delete_student:5322023297
delete_course:1968540004
#RUN:37#INSERT
insert_student:356721371
insert_course:340901088
insert_enrolment:9349553213
update_course:5549255735
update_enrolment:10416018122
update_student:15530248887
delete_enrolment:3276176579
delete_student:6085257586
delete_course:1999124690
#RUN:38#INSERT
insert_student:358093390
insert_course:350780332
insert_enrolment:9323887230
update_course:4482692677
update_enrolment:10233257689
update_student:14719611878
delete_enrolment:2892472600
delete_student:5318016924
delete_course:1884881252
#RUN:39#INSERT
insert_student:350629888
insert_course:395830716
insert_enrolment:9346959820
update_course:5093950891
update_enrolment:10244253642
update_student:15601957141
delete_enrolment:3279978333
delete_student:6033150690
delete_course:2060259023
#RUN:40#INSERT
insert_student:361187271
insert_course:351296179
insert_enrolment:9410941499
update_course:4523591675
update_enrolment:10352442735
update_student:15475469527
delete_enrolment:3016711253
delete_student:5759841194
delete_course:2041151207
#RUN:41#INSERT
insert_student:360425986
insert_course:353233738
insert_enrolment:10079747436
update_course:4968337279
update_enrolment:10676016413
update_student:14907541152
delete_enrolment:2950785354
delete_student:5375007275
delete_course:1883696572
#RUN:42#INSERT
insert_student:348029331
insert_course:356148641
insert_enrolment:9415334776
update_course:4508729209
update_enrolment:10365561447
update_student:14863451213
delete_enrolment:2885556223
delete_student:5721008762
delete_course:1964975353
#RUN:43#INSERT
insert_student:344939726
insert_course:368586804
insert_enrolment:9407083946
update_course:4871477941
update_enrolment:10337862647
update_student:15044574900
delete_enrolment:2869421663
delete_student:5351959835
delete_course:1916790308
#RUN:44#INSERT
insert_student:357457994
insert_course:347964771
insert_enrolment:9405549230
update_course:4469032239
update_enrolment:10515435254
update_student:15314712134
delete_enrolment:3108955220
delete_student:5693897626
delete_course:2019600527
#RUN:45#INSERT
insert_student:377238250
insert_course:349501871
insert_enrolment:9440452648
update_course:5001654191
update_enrolment:10254923018
update_student:15041698054
delete_enrolment:3022412542
delete_student:5592166222
delete_course:2053658025
#RUN:46#INSERT
insert_student:353545230
insert_course:350017647
insert_enrolment:9358635668
update_course:4801098732
update_enrolment:10512345500
update_student:15452261938
delete_enrolment:3155153070
delete_student:5912089572
delete_course:1928613568
#RUN:47#INSERT
insert_student:355998851
insert_course:353079166
insert_enrolment:9307125048
update_course:4962367509
update_enrolment:10256840045
update_student:14835986453
delete_enrolment:2873250072
delete_student:5703995136
delete_course:2099505792
#RUN:48#INSERT
insert_student:350820315
insert_course:354989317
insert_enrolment:9384604237
update_course:4578683657
update_enrolment:10346523870
update_student:14845955716
delete_enrolment:2847230685
delete_student:5305884152
delete_course:1911264233
#RUN:49#INSERT
insert_student:378785117
insert_course:348857504
insert_enrolment:9272586301
update_course:5294913674
update_enrolment:10192073686
update_student:14962837888
delete_enrolment:2989426421
delete_student:5550679841
delete_course:1895313496
#RUN:50#INSERT
insert_student:358121159
insert_course:354492992
insert_enrolment:9358149607
update_course:4498533890
update_enrolment:10353205926
update_student:14816126940
delete_enrolment:2920688092
delete_student:5370068303
delete_course:1922748873
#RUN:51#INSERT
insert_student:417236881
insert_course:345102436
insert_enrolment:9556267370
update_course:5519128986
update_enrolment:10516149164
update_student:15811578457
delete_enrolment:3378182797
delete_student:6516850491
delete_course:2096637807
#RUN:52#INSERT
insert_student:352696992
insert_course:354310026
insert_enrolment:9349459253
update_course:4474805913
update_enrolment:10273470394
update_student:14716547964
delete_enrolment:2870443375
delete_student:5357017845
delete_course:1897565436
#RUN:53#INSERT
insert_student:379842702
insert_course:350965055
insert_enrolment:9319384284
update_course:4913201784
update_enrolment:10289886277
update_student:14766732415
delete_enrolment:2930639311
delete_student:6085804695
delete_course:2026294433
#RUN:54#INSERT
insert_student:372849162
insert_course:353148893
insert_enrolment:9806248406
update_course:4431942623
update_enrolment:10421585273
update_student:14958929155
delete_enrolment:2892113172
delete_student:5290053341
delete_course:1949962866
#RUN:55#INSERT
insert_student:351908916
insert_course:367553947
insert_enrolment:9329103942
update_course:4915917017
update_enrolment:10271386736
update_student:14776248907
delete_enrolment:2906301338
delete_student:5667344403
delete_course:1873614852
#RUN:56#INSERT
insert_student:383008880
insert_course:351748904
insert_enrolment:9400964221
update_course:4621398911
update_enrolment:10428833431
update_student:15358272832
delete_enrolment:3040509401
delete_student:5663346608
delete_course:1988489311
#RUN:57#INSERT
insert_student:354810256
insert_course:336143904
insert_enrolment:9517700866
update_course:5150814245
update_enrolment:10405180931
update_student:15294356089
delete_enrolment:2953115679
delete_student:6196415597
delete_course:2039507947
#RUN:58#INSERT
insert_student:386624391
insert_course:338751933
insert_enrolment:9350410248
update_course:4496943571
update_enrolment:10239840691
update_student:14736660502
delete_enrolment:2872162303
delete_student:5383750788
delete_course:1905321186
#RUN:59#INSERT
insert_student:347857099
insert_course:339881340
insert_enrolment:9302247727
update_course:4916322795
update_enrolment:10173112329
update_student:14884730126
delete_enrolment:2889004798
delete_student:5365971507
delete_course:1886818513
#RUN:60#INSERT
insert_student:404686507
insert_course:335991889
insert_enrolment:9386632003
update_course:4480172874
update_enrolment:10302723103
update_student:14806266991
delete_enrolment:2958485299
delete_student:5331274240
delete_course:1881296834
#RUN:61#INSERT
insert_student:355965672
insert_course:346753833
insert_enrolment:9422951842
update_course:4951161741
update_enrolment:10589316148
update_student:15807262729
delete_enrolment:3332884559
delete_student:6186452592
delete_course:2128649097
#RUN:62#INSERT
insert_student:383317816
insert_course:352397196
insert_enrolment:9485450649
update_course:4469519719
update_enrolment:10289941105
update_student:15438722329
delete_enrolment:3033186191
delete_student:5709827466
delete_course:2069785336
#RUN:63#INSERT
insert_student:357869338
insert_course:342958830
insert_enrolment:9398595571
update_course:4998492015
update_enrolment:10258255959
update_student:14918350344
delete_enrolment:2869321664
delete_student:5351754760
delete_course:1937526439
#RUN:64#INSERT
insert_student:386689931
insert_course:345549754
insert_enrolment:9444793349
update_course:4439607433
update_enrolment:10493313302
update_student:15414676775
delete_enrolment:3188372743
delete_student:6021412464
delete_course:2008013549
#RUN:65#INSERT
insert_student:366387829
insert_course:349285679
insert_enrolment:9536574377
update_course:4934739763
update_enrolment:10423005110
update_student:15145367488
delete_enrolment:3002650136
delete_student:5671383419
delete_course:1986297465
#RUN:66#INSERT
insert_student:357536117
insert_course:365720268
insert_enrolment:9285121886
update_course:4512315281
update_enrolment:10208250174
update_student:14782458990
delete_enrolment:3124311494
delete_student:5333207255
delete_course:1948594576
#RUN:67#INSERT
insert_student:388299020
insert_course:347333276
insert_enrolment:9208993432
update_course:5462959160
update_enrolment:10489506434
update_student:15563638320
delete_enrolment:3088585764
delete_student:5827492603
delete_course:2018528085
#RUN:68#INSERT
insert_student:355588812
insert_course:347153471
insert_enrolment:9278775524
update_course:4499331486
update_enrolment:10174254909
update_student:14993632581
delete_enrolment:2909223977
delete_student:5415090457
delete_course:1981193087
#RUN:69#INSERT
insert_student:388593622
insert_course:347841317
insert_enrolment:9366172680
update_course:4983902011
update_enrolment:10273585452
update_student:16071482466
delete_enrolment:3148274852
delete_student:5996397505
delete_course:1951222087
#RUN:70#INSERT
insert_student:366572987
insert_course:345192316
insert_enrolment:9438375958
update_course:4472655437
update_enrolment:10299193201
update_student:14738454927
delete_enrolment:2887409666
delete_student:5341757667
delete_course:1935119474
#RUN:71#INSERT
insert_student:422645316
insert_course:351213139
insert_enrolment:9385083076
update_course:4984937019
update_enrolment:10342387214
update_student:15334032719
delete_enrolment:3311646204
delete_student:6362541203
delete_course:2099779034
#RUN:72#INSERT
insert_student:361381945
insert_course:345670692
insert_enrolment:9269493957
update_course:4444923878
update_enrolment:10169642564
update_student:14935436679
delete_enrolment:2847758540
delete_student:5307678448
delete_course:1924753268
#RUN:73#INSERT
insert_student:383877141
insert_course:348085731
insert_enrolment:9412614782
update_course:4908025875
update_enrolment:10355983226
update_student:15311864217
delete_enrolment:3295612701
delete_student:6248416640
delete_course:2073014049
#RUN:74#INSERT
insert_student:362246107
insert_course:348404128
insert_enrolment:9402533983
update_course:4444902337
update_enrolment:10273366009
update_student:14764077909
delete_enrolment:2876437423
delete_student:5315341500
delete_course:1931956889
#RUN:75#INSERT
insert_student:380402004
insert_course:349161398
insert_enrolment:9303716987
update_course:4917205664
update_enrolment:10414453442
update_student:16016002449
delete_enrolment:3360371916
delete_student:6291216737
delete_course:2062018667
#RUN:76#INSERT
insert_student:355191789
insert_course:347080798
insert_enrolment:9347678756
update_course:4475657546
update_enrolment:10229148213
update_student:14750541300
delete_enrolment:2848650144
delete_student:5349591605
delete_course:1879974078
#RUN:77#INSERT
insert_student:362170334
insert_course:352517244
insert_enrolment:9352199822
update_course:4930554035
update_enrolment:10245457959
update_student:14801469417
delete_enrolment:2847692654
delete_student:5296091498
delete_course:1902241858
#RUN:78#INSERT
insert_student:352135861
insert_course:350462284
insert_enrolment:9395790640
update_course:4560299466
update_enrolment:10580540708
update_student:15646508510
delete_enrolment:3204962231
delete_student:6674524267
delete_course:2016228616
#RUN:79#INSERT
insert_student:341110528
insert_course:357765324
insert_enrolment:9332867359
update_course:4969499026
update_enrolment:10250987375
update_student:14828647382
delete_enrolment:2838283040
delete_student:5397516730
delete_course:1881474983
#RUN:80#INSERT
insert_student:352295093
insert_course:368563156
insert_enrolment:9340780311
update_course:4494999772
update_enrolment:10321683635
update_student:14781204756
delete_enrolment:2972074786
delete_student:5629538335
delete_course:1997963138
#RUN:81#INSERT
insert_student:370475569
insert_course:356669046
insert_enrolment:9315030013
update_course:5110359320
update_enrolment:10275923709
update_student:14894161724
delete_enrolment:2915504800
delete_student:5402379371
delete_course:1887776164
#RUN:82#INSERT
insert_student:371139136
insert_course:354206138
insert_enrolment:9387448773
update_course:4610806764
update_enrolment:10332159873
update_student:15371130522
delete_enrolment:3097287436
delete_student:5802976232
delete_course:2047412002
#RUN:83#INSERT
insert_student:342372562
insert_course:353174233
insert_enrolment:9324055176
update_course:4958344294
update_enrolment:10296144870
update_student:15385820268
delete_enrolment:3174615888
delete_student:6026169755
delete_course:1964341618
#RUN:84#INSERT
insert_student:378034139
insert_course:345286924
insert_enrolment:9291504827
update_course:4559998286
update_enrolment:10147125494
update_student:14580242806
delete_enrolment:2933501696
delete_student:5350238469
delete_course:1880678593
#RUN:85#INSERT
insert_student:347280942
insert_course:354189930
insert_enrolment:9330517738
update_course:4966836428
update_enrolment:10328258052
update_student:15280642662
delete_enrolment:2906595874
delete_student:5388537661
delete_course:1871736168
#RUN:86#INSERT
insert_student:348676349
insert_course:340256898
insert_enrolment:9427926553
update_course:4489644293
update_enrolment:10393949742
update_student:14856461192
delete_enrolment:2982215082
delete_student:5388808426
delete_course:1896373030
#RUN:87#INSERT
insert_student:355446408
insert_course:369050245
insert_enrolment:9360914500
update_course:4894973246
update_enrolment:10490769918
update_student:15224016822
delete_enrolment:3305316157
delete_student:6388883228
delete_course:2018609699
#RUN:88#INSERT
insert_student:343880145
insert_course:346638259
insert_enrolment:9299668799
update_course:4497047234
update_enrolment:10214384743
update_student:14834203294
delete_enrolment:3038675099
delete_student:5817889154
delete_course:2000840588
#RUN:89#INSERT
insert_student:388370151
insert_course:348762350
insert_enrolment:9400240738
update_course:4963080466
update_enrolment:10306706756
update_student:14731568780
delete_enrolment:2864635616
delete_student:5483104931
delete_course:1983752333
#RUN:90#INSERT
insert_student:358126560
insert_course:374416126
insert_enrolment:9332799013
update_course:4465085216
update_enrolment:10392498410
update_student:14748505279
delete_enrolment:2890538148
delete_student:5320996430
delete_course:1941714147
#RUN:91#INSERT
insert_student:378527347
insert_course:342558339
insert_enrolment:9372069048
update_course:4941944386
update_enrolment:10364958576
update_student:15590139842
delete_enrolment:3230052224
delete_student:6006135927
delete_course:1995373795
#RUN:92#INSERT
insert_student:360977503
insert_course:352818811
insert_enrolment:9364585474
update_course:4610666851
update_enrolment:10307484382
update_student:14923277916
delete_enrolment:2915342746
delete_student:5375621155
delete_course:1933952617
#RUN:93#INSERT
insert_student:376763128
insert_course:340896508
insert_enrolment:9250147073
update_course:4954407266
update_enrolment:10324535241
update_student:15151191900
delete_enrolment:3034463212
delete_student:5572202202
delete_course:1965400716
#RUN:94#INSERT
insert_student:355572145
insert_course:368104325
insert_enrolment:9322956674
update_course:4504643254
update_enrolment:10218325269
update_student:15764772341
delete_enrolment:3452954963
delete_student:6471755823
delete_course:2163759015
#RUN:95#INSERT
insert_student:356935895
insert_course:354900728
insert_enrolment:9249717426
update_course:4983889272
update_enrolment:10157931073
update_student:14757667425
delete_enrolment:2827511129
delete_student:5282864190
delete_course:2000768886
#RUN:96#INSERT
insert_student:357986575
insert_course:348278795
insert_enrolment:9373129037
update_course:4538571769
update_enrolment:10334890264
update_student:14764598348
delete_enrolment:2933004201
delete_student:5335530311
delete_course:1939645025
#RUN:97#INSERT
insert_student:355604187
insert_course:344711804
insert_enrolment:9337700046
update_course:4970353842
update_enrolment:10239655370
update_student:15386577557
delete_enrolment:3200013155
delete_student:5969850999
delete_course:1957059459
#RUN:98#INSERT
insert_student:357156385
insert_course:352030860
insert_enrolment:9389343370
update_course:4561971108
update_enrolment:10443131353
update_student:14928189934
delete_enrolment:2943024670
delete_student:5610581107
delete_course:2008092379
#RUN:99#INSERT
insert_student:384470871
insert_course:352880420
insert_enrolment:9373203100
update_course:4973008585
update_enrolment:10316367365
update_student:15127601583
delete_enrolment:3036890323
delete_student:6261826582
delete_course:2118857853
#RUN:100#INSERT
insert_student:354093473
insert_course:357501925
insert_enrolment:9332971046
update_course:4555666682
update_enrolment:10239816490
update_student:14757601935
delete_enrolment:2854692445
delete_student:5413434874
delete_course:1924113603
