#	Working Directory/home/jcrada/Development/hr/ResearchTestApplication
#	Solution: solution0
#	LogPath: ./logs
#	Runs: 100
#	Students: 500
#	Courses: 500
#	Courses Per Student: 10
#	Initialize: false
#	Metadata: {ConstraintName:CONST100;KeySpace:UNIVERSITY;ConstraintType:P;ColumnFamily:harsha.api.example.Student;RKeySpace:UNIVERSITY;RConstraintName:;RColumn:StudentId;DeleteRule:;Metadata:};{ConstraintName:CONST200;KeySpace:UNIVERSITY;ConstraintType:P;ColumnFamily:harsha.api.example.Course;RKeySpace:UNIVERSITY;RConstraintName:;RColumn:CourseId;DeleteRule:;Metadata:};{ConstraintName:CONST300;KeySpace:UNIVERSITY;ConstraintType:P;ColumnFamily:harsha.api.example.Enrolment;RKeySpace:UNIVERSITY;RConstraintName:;RColumn:RowID;DeleteRule:;Metadata:};{ConstraintName:CONST400;KeySpace:UNIVERSITY;ConstraintType:R;ColumnFamily:harsha.api.example.Enrolment;RKeySpace:UNIVERSITY;RConstraintName:CONST100;RColumn:StudentId;DeleteRule:CASCADE;Metadata:};{ConstraintName:CONST500;KeySpace:UNIVERSITY;ConstraintType:R;ColumnFamily:harsha.api.example.Enrolment;RKeySpace:UNIVERSITY;RConstraintName:CONST200;RColumn:CourseId;DeleteRule:NODELETE;Metadata:};{ConstraintName:CONST600;KeySpace:UNIVERSITY;ConstraintType:F;ColumnFamily:harsha.api.example.Course;RKeySpace:UNIVERSITY;RConstraintName:CONST500;RColumn:CourseId;DeleteRule:NODELETE;Metadata:};{ConstraintName:CONST700;KeySpace:UNIVERSITY;ConstraintType:F;ColumnFamily:harsha.api.example.Student;RKeySpace:UNIVERSITY;RConstraintName:CONST400;RColumn:StudentId;DeleteRule:CASCADE;Metadata:};
#RUN:1#INSERT
insert_student:1110902263
insert_course:561187969
insert_enrolment:4133093848
update_course:814874402
update_enrolment:4085811082
update_student:666916881
delete_enrolment:2922871809
delete_student:286090235
delete_course:241149252
#RUN:2#INSERT
insert_student:319526778
insert_course:368449943
insert_enrolment:3002387279
update_course:671508846
update_enrolment:3897257143
update_student:682659616
delete_enrolment:2853123140
delete_student:285747815
delete_course:294948633
#RUN:3#INSERT
insert_student:329195379
insert_course:323291663
insert_enrolment:3030854106
update_course:734819977
update_enrolment:4045541384
update_student:781192005
delete_enrolment:2860526868
delete_student:308583323
delete_course:261870557
#RUN:4#INSERT
insert_student:340323905
insert_course:330652678
insert_enrolment:3060467889
update_course:659239482
update_enrolment:3935837649
update_student:696985106
delete_enrolment:2889653419
delete_student:291080901
delete_course:290677290
#RUN:5#INSERT
insert_student:332809919
insert_course:349946964
insert_enrolment:2945924231
update_course:747119704
update_enrolment:3994198448
update_student:667227392
delete_enrolment:2789732298
delete_student:290327166
delete_course:238858705
#RUN:6#INSERT
insert_student:331286829
insert_course:570396871
insert_enrolment:3058003033
update_course:765306980
update_enrolment:4008272302
update_student:679164688
delete_enrolment:2798149590
delete_student:293186018
delete_course:339105307
#RUN:7#INSERT
insert_student:334927570
insert_course:315523595
insert_enrolment:2979420667
update_course:718350273
update_enrolment:3920730945
update_student:731889726
delete_enrolment:2793691808
delete_student:306658373
delete_course:253738423
#RUN:8#INSERT
insert_student:337823838
insert_course:342094567
insert_enrolment:3224445422
update_course:713599254
update_enrolment:4090356101
update_student:671467841
delete_enrolment:2969098358
delete_student:284953190
delete_course:298254446
#RUN:9#INSERT
insert_student:343317413
insert_course:327322380
insert_enrolment:3086104612
update_course:760337061
update_enrolment:4029584832
update_student:702984449
delete_enrolment:2950584602
delete_student:296929226
delete_course:240508349
#RUN:10#INSERT
insert_student:357639904
insert_course:335722093
insert_enrolment:3188002931
update_course:731718105
update_enrolment:4052617337
update_student:698965961
delete_enrolment:3082331215
delete_student:295811387
delete_course:303955672
#RUN:11#INSERT
insert_student:408826079
insert_course:333740987
insert_enrolment:3110211358
update_course:765543238
update_enrolment:5046924490
update_student:676299051
delete_enrolment:3279446469
delete_student:304124824
delete_course:244883730
#RUN:12#INSERT
insert_student:336561311
insert_course:342677594
insert_enrolment:3069621018
update_course:744011305
update_enrolment:4000530351
update_student:691262813
delete_enrolment:2753492404
delete_student:315203147
delete_course:349138046
#RUN:13#INSERT
insert_student:331092281
insert_course:319897852
insert_enrolment:3058153774
update_course:769654007
update_enrolment:4091056217
update_student:702914187
delete_enrolment:2937217438
delete_student:304983907
delete_course:234041966
#RUN:14#INSERT
insert_student:339583108
insert_course:325983118
insert_enrolment:2996937924
update_course:703177167
update_enrolment:4001214719
update_student:680584175
delete_enrolment:2977125617
delete_student:316210747
delete_course:340203972
#RUN:15#INSERT
insert_student:387014920
insert_course:383206791
insert_enrolment:3046170874
update_course:853290987
update_enrolment:4132830098
update_student:704179971
delete_enrolment:2841674529
delete_student:301177260
delete_course:246481677
#RUN:16#INSERT
insert_student:335349218
insert_course:327088407
insert_enrolment:3116097750
update_course:692423814
update_enrolment:4309588587
update_student:679318415
delete_enrolment:2858101613
delete_student:299269244
delete_course:310162406
#RUN:17#INSERT
insert_student:333945030
insert_course:326007664
insert_enrolment:3079207797
update_course:759409057
update_enrolment:3946408006
update_student:665451611
delete_enrolment:2834551884
delete_student:301447046
delete_course:232678909
#RUN:18#INSERT
insert_student:344226153
insert_course:324143657
insert_enrolment:2995345782
update_course:685563272
update_enrolment:4121753032
update_student:804324345
delete_enrolment:2825336527
delete_student:304213412
delete_course:311397446
#RUN:19#INSERT
insert_student:375369597
insert_course:335372645
insert_enrolment:3160372506
update_course:786742200
update_enrolment:4169180485
update_student:694743619
delete_enrolment:2904775558
delete_student:310167669
delete_course:254994489
#RUN:20#INSERT
insert_student:359511253
insert_course:342435969
insert_enrolment:3145390806
update_course:829716877
update_enrolment:3947755998
update_student:709181866
delete_enrolment:2760000601
delete_student:361859720
delete_course:378716328
#RUN:21#INSERT
insert_student:423833204
insert_course:367751844
insert_enrolment:3034449998
update_course:812275117
update_enrolment:3990335143
update_student:679086154
delete_enrolment:2900644374
delete_student:528359014
delete_course:457317116
#RUN:22#INSERT
insert_student:443641953
insert_course:694609992
insert_enrolment:3085046743
update_course:706335040
update_enrolment:3928466087
update_student:673483005
delete_enrolment:2747471879
delete_student:300682354
delete_course:314326279
#RUN:23#INSERT
insert_student:336647952
insert_course:339992967
insert_enrolment:3091880345
update_course:761526493
update_enrolment:4062529936
update_student:711612048
delete_enrolment:2766368501
delete_student:302656607
delete_course:285946703
#RUN:24#INSERT
insert_student:330095890
insert_course:336904594
insert_enrolment:3038127276
update_course:696381614
update_enrolment:3904714170
update_student:676292733
delete_enrolment:2866102475
delete_student:309085652
delete_course:310183825
#RUN:25#INSERT
insert_student:335807526
insert_course:337613886
insert_enrolment:3021372701
update_course:792406827
update_enrolment:3950360447
update_student:692040973
delete_enrolment:2884359281
delete_student:300212706
delete_course:247235943
#RUN:26#INSERT
insert_student:331942396
insert_course:331201118
insert_enrolment:2952800389
update_course:689847008
update_enrolment:4086264182
update_student:752687056
delete_enrolment:2790764548
delete_student:298846272
delete_course:323677907
#RUN:27#INSERT
insert_student:374434310
insert_course:339098531
insert_enrolment:3035601884
update_course:774929316
update_enrolment:4019848487
update_student:688062904
delete_enrolment:2925125540
delete_student:305863582
delete_course:239917056
#RUN:28#INSERT
insert_student:330414273
insert_course:327297650
insert_enrolment:3006797535
update_course:785966669
update_enrolment:3925774235
update_student:685740676
delete_enrolment:2768228556
delete_student:339486485
delete_course:403688282
#RUN:29#INSERT
insert_student:425131857
insert_course:335584092
insert_enrolment:3021829150
update_course:822242303
update_enrolment:4017240800
update_student:702332262
delete_enrolment:2893547163
delete_student:305320444
delete_course:249918721
#RUN:30#INSERT
insert_student:383241580
insert_course:341375299
insert_enrolment:3066464506
update_course:694133593
update_enrolment:4030764498
update_student:688506228
delete_enrolment:2856827415
delete_student:315998611
delete_course:311596474
#RUN:31#INSERT
insert_student:346483675
insert_course:334339526
insert_enrolment:3012282885
update_course:857088611
update_enrolment:4092418723
update_student:697469470
delete_enrolment:2975483323
delete_student:304719353
delete_course:283315240
#RUN:32#INSERT
insert_student:343161615
insert_course:333921834
insert_enrolment:3009733152
update_course:696514207
update_enrolment:4039647569
update_student:687425323
delete_enrolment:2769657852
delete_student:347846277
delete_course:314079571
#RUN:33#INSERT
insert_student:375607004
insert_course:333672472
insert_enrolment:2992917378
update_course:776624635
update_enrolment:3942512480
update_student:722362781
delete_enrolment:2948600171
delete_student:307914927
delete_course:240964421
#RUN:34#INSERT
insert_student:340196455
insert_course:330062971
insert_enrolment:2916814421
update_course:701818704
update_enrolment:3950484382
update_student:773693209
delete_enrolment:2713074991
delete_student:308353089
delete_course:316208933
#RUN:35#INSERT
insert_student:335515787
insert_course:341255356
insert_enrolment:2971247504
update_course:802215605
update_enrolment:4038340548
update_student:695900464
delete_enrolment:2823722915
delete_student:309475004
delete_course:232417302
#RUN:36#INSERT
insert_student:343137815
insert_course:335734503
insert_enrolment:2986316531
update_course:771706943
update_enrolment:3950340634
update_student:686003702
delete_enrolment:2833712436
delete_student:308538293
delete_course:381401758
#RUN:37#INSERT
insert_student:392808552
insert_course:329426493
insert_enrolment:2955013439
update_course:767775529
update_enrolment:3952665715
update_student:758512017
delete_enrolment:2854760466
delete_student:304557502
delete_course:237219584
#RUN:38#INSERT
insert_student:335966066
insert_course:334486181
insert_enrolment:3014375012
update_course:700690196
update_enrolment:4026650397
update_student:703139307
delete_enrolment:2832108635
delete_student:310451676
delete_course:318723683
#RUN:39#INSERT
insert_student:362103365
insert_course:339378575
insert_enrolment:3048508417
update_course:790977305
update_enrolment:4129349775
update_student:703438334
delete_enrolment:2793142734
delete_student:338672318
delete_course:291127176
#RUN:40#INSERT
insert_student:440750045
insert_course:395551332
insert_enrolment:3058523502
update_course:706493813
update_enrolment:3953099933
update_student:797590456
delete_enrolment:3104455473
delete_student:309687840
delete_course:320426959
#RUN:41#INSERT
insert_student:341835025
insert_course:345376183
insert_enrolment:3047640875
update_course:810644413
update_enrolment:3996517387
update_student:698638120
delete_enrolment:2900558273
delete_student:310302862
delete_course:247600174
#RUN:42#INSERT
insert_student:340790311
insert_course:339729391
insert_enrolment:3199366166
update_course:705164837
update_enrolment:3966171905
update_student:724704699
delete_enrolment:5334636660
delete_student:389898431
delete_course:325288857
#RUN:43#INSERT
insert_student:399761006
insert_course:380850756
insert_enrolment:3513635194
update_course:889592482
update_enrolment:4320823138
update_student:766421916
delete_enrolment:2965643432
delete_student:312614793
delete_course:244457047
#RUN:44#INSERT
insert_student:348168358
insert_course:320422408
insert_enrolment:2993067126
update_course:728583665
update_enrolment:3981365121
update_student:778478401
delete_enrolment:2737243666
delete_student:315249291
delete_course:296419770
#RUN:45#INSERT
insert_student:335452815
insert_course:337358927
insert_enrolment:3017927933
update_course:752196033
update_enrolment:4140362810
update_student:743881615
delete_enrolment:2831377114
delete_student:302712394
delete_course:239203257
#RUN:46#INSERT
insert_student:345732608
insert_course:332711464
insert_enrolment:3024973589
update_course:774985453
update_enrolment:3924851098
update_student:769497422
delete_enrolment:2793872680
delete_student:313213194
delete_course:311025432
#RUN:47#INSERT
insert_student:356600223
insert_course:383117458
insert_enrolment:3009684920
update_course:788290984
update_enrolment:3986070489
update_student:685631518
delete_enrolment:2940283914
delete_student:310599063
delete_course:242770739
#RUN:48#INSERT
insert_student:341485066
insert_course:336370801
insert_enrolment:3089337016
update_course:689830391
update_enrolment:4033192481
update_student:700068118
delete_enrolment:2802832653
delete_student:315832771
delete_course:367797621
#RUN:49#INSERT
insert_student:343003241
insert_course:324564383
insert_enrolment:2963168828
update_course:758900568
update_enrolment:4064092547
update_student:773136469
delete_enrolment:2876318049
delete_student:310966054
delete_course:234997125
#RUN:50#INSERT
insert_student:343728907
insert_course:335131893
insert_enrolment:3058984320
update_course:683797122
update_enrolment:3951393495
update_student:700256854
delete_enrolment:2899897787
delete_student:312935269
delete_course:343376370
#RUN:51#INSERT
insert_student:434342612
insert_course:327118421
insert_enrolment:3075458647
update_course:766381572
update_enrolment:4020039108
update_student:703426188
delete_enrolment:2913639495
delete_student:311719635
delete_course:234942242
#RUN:52#INSERT
insert_student:345422641
insert_course:335425362
insert_enrolment:3044077008
update_course:688591606
update_enrolment:4086401286
update_student:763707932
delete_enrolment:2773073573
delete_student:310628907
delete_course:311604851
#RUN:53#INSERT
insert_student:339529281
insert_course:331474014
insert_enrolment:3013653034
update_course:763163699
update_enrolment:4002973074
update_student:698432908
delete_enrolment:2866544789
delete_student:303472788
delete_course:243335727
#RUN:54#INSERT
insert_student:339235733
insert_course:336262401
insert_enrolment:3065261183
update_course:691143777
update_enrolment:3972915680
update_student:693371224
delete_enrolment:2787238327
delete_student:353937773
delete_course:326515640
#RUN:55#INSERT
insert_student:387032027
insert_course:336585160
insert_enrolment:2999216485
update_course:763620939
update_enrolment:3936996838
update_student:688343372
delete_enrolment:2877907601
delete_student:298199375
delete_course:242093378
#RUN:56#INSERT
insert_student:347952892
insert_course:337279886
insert_enrolment:2942393292
update_course:690311091
update_enrolment:3999156854
update_student:750975826
delete_enrolment:2995323442
delete_student:350426140
delete_course:342359477
#RUN:57#INSERT
insert_student:389056241
insert_course:345480379
insert_enrolment:3012216978
update_course:782759964
update_enrolment:3959034252
update_student:717480448
delete_enrolment:2905646997
delete_student:306242632
delete_course:231700695
#RUN:58#INSERT
insert_student:346137393
insert_course:337675291
insert_enrolment:3027646931
update_course:769589385
update_enrolment:3844221572
update_student:770990736
delete_enrolment:2765491210
delete_student:309524941
delete_course:323691221
#RUN:59#INSERT
insert_student:409281004
insert_course:331888992
insert_enrolment:3005511469
update_course:790252904
update_enrolment:3965967527
update_student:698047217
delete_enrolment:2862665945
delete_student:330514702
delete_course:238286390
#RUN:60#INSERT
insert_student:547606357
insert_course:343901476
insert_enrolment:3020738929
update_course:767030200
update_enrolment:4045979813
update_student:701786208
delete_enrolment:2857267911
delete_student:304291496
delete_course:356702406
#RUN:61#INSERT
insert_student:349702501
insert_course:349180831
insert_enrolment:2990200493
update_course:800725893
update_enrolment:3950859025
update_student:768642269
delete_enrolment:2822421311
delete_student:330700510
delete_course:241591568
#RUN:62#INSERT
insert_student:354319049
insert_course:340031274
insert_enrolment:3099697731
update_course:695279226
update_enrolment:3916239794
update_student:703375830
delete_enrolment:2833658872
delete_student:317794076
delete_course:333629097
#RUN:63#INSERT
insert_student:348308260
insert_course:337707578
insert_enrolment:3010978178
update_course:772503407
update_enrolment:3930019835
update_student:706193295
delete_enrolment:2980303666
delete_student:337147048
delete_course:240371158
#RUN:64#INSERT
insert_student:346104382
insert_course:339253462
insert_enrolment:2958261321
update_course:699672887
update_enrolment:4045389258
update_student:762736458
delete_enrolment:2758316601
delete_student:307363593
delete_course:309038109
#RUN:65#INSERT
insert_student:354285651
insert_course:343312322
insert_enrolment:2990807639
update_course:840019988
update_enrolment:4030161154
update_student:711152697
delete_enrolment:2861068662
delete_student:324147693
delete_course:240109140
#RUN:66#INSERT
insert_student:338034162
insert_course:344081239
insert_enrolment:3054597995
update_course:697322114
update_enrolment:3845001223
update_student:691932777
delete_enrolment:2889460783
delete_student:315033622
delete_course:319008032
#RUN:67#INSERT
insert_student:414867418
insert_course:343167119
insert_enrolment:3016499000
update_course:793317568
update_enrolment:3937338480
update_student:714373245
delete_enrolment:2887029703
delete_student:316145937
delete_course:239082213
#RUN:68#INSERT
insert_student:344998360
insert_course:332565543
insert_enrolment:2942160534
update_course:813944369
update_enrolment:3875300108
update_student:768435972
delete_enrolment:2770215305
delete_student:307535598
delete_course:328828245
#RUN:69#INSERT
insert_student:375890782
insert_course:343428995
insert_enrolment:2973979604
update_course:789504691
update_enrolment:3925720778
update_student:738749027
delete_enrolment:2790733114
delete_student:308327538
delete_course:242571321
#RUN:70#INSERT
insert_student:353234459
insert_course:341244143
insert_enrolment:3070057933
update_course:712543436
update_enrolment:3899767038
update_student:800859919
delete_enrolment:2841161385
delete_student:348983638
delete_course:321105382
#RUN:71#INSERT
insert_student:388126779
insert_course:348915075
insert_enrolment:2983480172
update_course:863534073
update_enrolment:3970058728
update_student:765142331
delete_enrolment:2821113826
delete_student:324709505
delete_course:240638009
#RUN:72#INSERT
insert_student:346597697
insert_course:384677277
insert_enrolment:3002125337
update_course:689064360
update_enrolment:3908279738
update_student:720827152
delete_enrolment:2778111085
delete_student:305244230
delete_course:317420665
#RUN:73#INSERT
insert_student:348484897
insert_course:337214380
insert_enrolment:3022618929
update_course:832261554
update_enrolment:4047412241
update_student:699316535
delete_enrolment:2795945953
delete_student:318312955
delete_course:241230476
#RUN:74#INSERT
insert_student:344273444
insert_course:340251672
insert_enrolment:3046437181
update_course:695677517
update_enrolment:6359586861
update_student:945404149
delete_enrolment:3618666410
delete_student:335964377
delete_course:321646916
#RUN:75#INSERT
insert_student:403180610
insert_course:386951871
insert_enrolment:3178526322
update_course:844795855
update_enrolment:3932840098
update_student:670534327
delete_enrolment:2814899459
delete_student:304237296
delete_course:236843644
#RUN:76#INSERT
insert_student:328621275
insert_course:334731076
insert_enrolment:3041863083
update_course:819065534
update_enrolment:3919023162
update_student:665310492
delete_enrolment:2775993605
delete_student:294404557
delete_course:323303344
#RUN:77#INSERT
insert_student:342622710
insert_course:393808901
insert_enrolment:3024892661
update_course:788302151
update_enrolment:4023698150
update_student:683332949
delete_enrolment:2820430090
delete_student:340601053
delete_course:245072669
#RUN:78#INSERT
insert_student:353434180
insert_course:355456532
insert_enrolment:3150519631
update_course:706295286
update_enrolment:4025796792
update_student:705944474
delete_enrolment:2878227394
delete_student:353678454
delete_course:333037669
#RUN:79#INSERT
insert_student:402083878
insert_course:383288215
insert_enrolment:3043051179
update_course:857499877
update_enrolment:3962815514
update_student:681179059
delete_enrolment:2854353594
delete_student:300944617
delete_course:240143257
#RUN:80#INSERT
insert_student:348157298
insert_course:399027685
insert_enrolment:3043117495
update_course:756860879
update_enrolment:3902681715
update_student:673836498
delete_enrolment:2876123754
delete_student:298979373
delete_course:331778541
#RUN:81#INSERT
insert_student:364665194
insert_course:346654446
insert_enrolment:3091480713
update_course:859618259
update_enrolment:4026379489
update_student:685726818
delete_enrolment:2840930486
delete_student:307910555
delete_course:242075722
#RUN:82#INSERT
insert_student:339219583
insert_course:382060344
insert_enrolment:2984694948
update_course:702481369
update_enrolment:4002103645
update_student:748746678
delete_enrolment:2855559378
delete_student:306389883
delete_course:323254063
#RUN:83#INSERT
insert_student:336976769
insert_course:341106429
insert_enrolment:3063414171
update_course:806367871
update_enrolment:4155077476
update_student:683592849
delete_enrolment:2898831382
delete_student:313259103
delete_course:243581231
#RUN:84#INSERT
insert_student:334655260
insert_course:335441609
insert_enrolment:3001105383
update_course:796713558
update_enrolment:4424835938
update_student:2274829117
delete_enrolment:3225577440
delete_student:300631656
delete_course:334515240
#RUN:85#INSERT
insert_student:343424018
insert_course:336572222
insert_enrolment:3042714081
update_course:755751730
update_enrolment:3974960888
update_student:726739770
delete_enrolment:2766533601
delete_student:311213585
delete_course:231629195
#RUN:86#INSERT
insert_student:397957958
insert_course:369260189
insert_enrolment:2970507725
update_course:680009838
update_enrolment:3998123478
update_student:696932324
delete_enrolment:2844975628
delete_student:311577727
delete_course:308247597
#RUN:87#INSERT
insert_student:367151760
insert_course:331778435
insert_enrolment:2973140936
update_course:863234929
update_enrolment:3931978315
update_student:698083615
delete_enrolment:2855349056
delete_student:304403114
delete_course:236369885
#RUN:88#INSERT
insert_student:345253194
insert_course:339619051
insert_enrolment:3092322839
update_course:726556799
update_enrolment:3925597716
update_student:684527429
delete_enrolment:2840757632
delete_student:304767943
delete_course:305408283
#RUN:89#INSERT
insert_student:355008030
insert_course:335092773
insert_enrolment:2971369887
update_course:828754644
update_enrolment:4001323198
update_student:693482350
delete_enrolment:2925153668
delete_student:308385136
delete_course:242359604
#RUN:90#INSERT
insert_student:335069469
insert_course:334779564
insert_enrolment:3031301101
update_course:690005359
update_enrolment:4187266061
update_student:690219211
delete_enrolment:2987254719
delete_student:304604532
delete_course:311415029
#RUN:91#INSERT
insert_student:346006215
insert_course:332352125
insert_enrolment:2980466600
update_course:908368995
update_enrolment:4030041282
update_student:703128555
delete_enrolment:2845254842
delete_student:310212559
delete_course:236406952
#RUN:92#INSERT
insert_student:384325262
insert_course:346571429
insert_enrolment:3009141862
update_course:725387406
update_enrolment:3959486382
update_student:703298723
delete_enrolment:2897867411
delete_student:306156344
delete_course:323074099
#RUN:93#INSERT
insert_student:336791233
insert_course:333954087
insert_enrolment:3075258879
update_course:769098312
update_enrolment:3969479490
update_student:721168485
delete_enrolment:2845561438
delete_student:309132053
delete_course:236613004
#RUN:94#INSERT
insert_student:337464749
insert_course:337039252
insert_enrolment:3017023581
update_course:699310042
update_enrolment:4044105269
update_student:770171516
delete_enrolment:2785034365
delete_student:311676051
delete_course:322342414
#RUN:95#INSERT
insert_student:342471846
insert_course:336731321
insert_enrolment:3028812700
update_course:817737138
update_enrolment:4034181296
update_student:702099525
delete_enrolment:2825160713
delete_student:309118825
delete_course:235935229
#RUN:96#INSERT
insert_student:351132149
insert_course:335242756
insert_enrolment:3106436806
update_course:698266577
update_enrolment:3974935640
update_student:716756614
delete_enrolment:2990649811
delete_student:310003834
delete_course:320714577
#RUN:97#INSERT
insert_student:344353771
insert_course:443232446
insert_enrolment:2940517851
update_course:776546479
update_enrolment:3915300182
update_student:705325614
delete_enrolment:2822380806
delete_student:306464052
delete_course:236201103
#RUN:98#INSERT
insert_student:343380615
insert_course:341706014
insert_enrolment:3018407211
update_course:709484473
update_enrolment:4095671214
update_student:704222557
delete_enrolment:3028496622
delete_student:309659551
delete_course:376568797
#RUN:99#INSERT
insert_student:384073075
insert_course:342151958
insert_enrolment:3009643134
update_course:794416749
update_enrolment:3978580713
update_student:765156827
delete_enrolment:2759368784
delete_student:310536029
delete_course:242860587
#RUN:100#INSERT
insert_student:339908462
insert_course:347877969
insert_enrolment:3135732292
update_course:709712197
update_enrolment:3947259272
update_student:703108512
delete_enrolment:2852152328
delete_student:308057352
delete_course:325296635
