#	Working Directory/home/jcrada/Development/hr/ResearchTestApplication
#	Solution: solution1
#	LogPath: ./logs
#	Runs: 100
#	Students: 500
#	Courses: 500
#	Courses Per Student: 10
#	Initialize: false
#	Metadata: {ConstraintName:CONST100;KeySpace:UNIVERSITY;ConstraintType:P;ColumnFamily:harsha.api.example.Student;RKeySpace:UNIVERSITY;RConstraintName:;RColumn:StudentId;DeleteRule:;Metadata:};{ConstraintName:CONST200;KeySpace:UNIVERSITY;ConstraintType:P;ColumnFamily:harsha.api.example.Course;RKeySpace:UNIVERSITY;RConstraintName:;RColumn:CourseId;DeleteRule:;Metadata:};{ConstraintName:CONST300;KeySpace:UNIVERSITY;ConstraintType:P;ColumnFamily:harsha.api.example.Enrolment;RKeySpace:UNIVERSITY;RConstraintName:;RColumn:RowID;DeleteRule:;Metadata:};{ConstraintName:CONST400;KeySpace:UNIVERSITY;ConstraintType:R;ColumnFamily:harsha.api.example.Enrolment;RKeySpace:UNIVERSITY;RConstraintName:CONST100;RColumn:StudentId;DeleteRule:CASCADE;Metadata:};{ConstraintName:CONST500;KeySpace:UNIVERSITY;ConstraintType:R;ColumnFamily:harsha.api.example.Enrolment;RKeySpace:UNIVERSITY;RConstraintName:CONST200;RColumn:CourseId;DeleteRule:NODELETE;Metadata:};{ConstraintName:CONST600;KeySpace:UNIVERSITY;ConstraintType:F;ColumnFamily:harsha.api.example.Course;RKeySpace:UNIVERSITY;RConstraintName:CONST500;RColumn:CourseId;DeleteRule:NODELETE;Metadata:};{ConstraintName:CONST700;KeySpace:UNIVERSITY;ConstraintType:F;ColumnFamily:harsha.api.example.Student;RKeySpace:UNIVERSITY;RConstraintName:CONST400;RColumn:StudentId;DeleteRule:CASCADE;Metadata:};
#RUN:1#INSERT
insert_student:721848345
insert_course:505710282
insert_enrolment:12872957702
update_course:6166757031
update_enrolment:13373717544
update_student:18741993983
delete_enrolment:3902529324
delete_student:6991566207
delete_course:1909843806
#RUN:2#INSERT
insert_student:529587109
insert_course:532084271
insert_enrolment:12173917064
update_course:5208824100
update_enrolment:13336687194
update_student:18857930475
delete_enrolment:4007122621
delete_student:6955579285
delete_course:1969804946
#RUN:3#INSERT
insert_student:537320711
insert_course:518726206
insert_enrolment:12343960319
update_course:6102182640
update_enrolment:13787769805
update_student:18950193527
delete_enrolment:4027729171
delete_student:7023251790
delete_course:2033946880
#RUN:4#INSERT
insert_student:576457068
insert_course:520406053
insert_enrolment:12400668149
update_course:5175839736
update_enrolment:13645829788
update_student:19383513205
delete_enrolment:4036881162
delete_student:7186440600
delete_course:2080404608
#RUN:5#INSERT
insert_student:579624186
insert_course:560812375
insert_enrolment:12359780079
update_course:6049625744
update_enrolment:13949682396
update_student:20166012215
delete_enrolment:4587850917
delete_student:7984950358
delete_course:2052209805
#RUN:6#INSERT
insert_student:556386082
insert_course:578429281
insert_enrolment:12351206209
update_course:5306465714
update_enrolment:13470743885
update_student:18990906885
delete_enrolment:4076236049
delete_student:7030226492
delete_course:1942734859
#RUN:7#INSERT
insert_student:548823162
insert_course:508641073
insert_enrolment:12261495949
update_course:6039802725
update_enrolment:13673045111
update_student:19233600776
delete_enrolment:4150052741
delete_student:7488861589
delete_course:2079492237
#RUN:8#INSERT
insert_student:534030707
insert_course:529552384
insert_enrolment:12268794940
update_course:5279485116
update_enrolment:13470420577
update_student:18749106234
delete_enrolment:3986893418
delete_student:7198297217
delete_course:1924352418
#RUN:9#INSERT
insert_student:551965729
insert_course:567703417
insert_enrolment:12250170529
update_course:7213745571
update_enrolment:13668212889
update_student:19882919688
delete_enrolment:4351441141
delete_student:7805567371
delete_course:2037238099
#RUN:10#INSERT
insert_student:548243608
insert_course:534829064
insert_enrolment:12314588277
update_course:5363979733
update_enrolment:13562972705
update_student:18890249035
delete_enrolment:3982483128
delete_student:7062722775
delete_course:1962487770
#RUN:11#INSERT
insert_student:631700645
insert_course:520125642
insert_enrolment:12242049263
update_course:6104477011
update_enrolment:13461628199
update_student:19056098268
delete_enrolment:4039244239
delete_student:7073493052
delete_course:1927567637
#RUN:12#INSERT
insert_student:671698924
insert_course:531889967
insert_enrolment:12420772227
update_course:5285888633
update_enrolment:13612951625
update_student:19486762807
delete_enrolment:4529772404
delete_student:8318142841
delete_course:2178220832
#RUN:13#INSERT
insert_student:557461209
insert_course:521654361
insert_enrolment:12159050446
update_course:6075599215
update_enrolment:13294280385
update_student:18705965734
delete_enrolment:3995407400
delete_student:7506901574
delete_course:2116221246
#RUN:14#INSERT
insert_student:554737585
insert_course:567345507
insert_enrolment:12230457549
update_course:5313235315
update_enrolment:13326203998
update_student:18798640620
delete_enrolment:3984031926
delete_student:7032629019
delete_course:2059933061
#RUN:15#INSERT
insert_student:571242714
insert_course:554491339
insert_enrolment:12295098767
update_course:6142566131
update_enrolment:13417703789
update_student:18854570608
delete_enrolment:4899394878
delete_student:7727890416
delete_course:2049610767
#RUN:16#INSERT
insert_student:555253327
insert_course:557476934
insert_enrolment:12183258058
update_course:5242801554
update_enrolment:13424613165
update_student:18734155167
delete_enrolment:4027966014
delete_student:7128733306
delete_course:1957355793
#RUN:17#INSERT
insert_student:542423453
insert_course:546034251
insert_enrolment:12146478253
update_course:6135431997
update_enrolment:13276409955
update_student:18802111919
delete_enrolment:4040659003
delete_student:7035893162
delete_course:2052200927
#RUN:18#INSERT
insert_student:535640984
insert_course:524059810
insert_enrolment:12473587884
update_course:5243587076
update_enrolment:13461478800
update_student:19888689266
delete_enrolment:4377670866
delete_student:7852571694
delete_course:2061943716
#RUN:19#INSERT
insert_student:551458171
insert_course:536441346
insert_enrolment:12320099070
update_course:6103139563
update_enrolment:13581537700
update_student:18923896399
delete_enrolment:4020638185
delete_student:7149237920
delete_course:1926565450
#RUN:20#INSERT
insert_student:554038870
insert_course:539983085
insert_enrolment:13305022500
update_course:5647451291
update_enrolment:13795297807
update_student:19404878564
delete_enrolment:4227609977
delete_student:8267229239
delete_course:2150219128
#RUN:21#INSERT
insert_student:556991072
insert_course:528746753
insert_enrolment:12307899458
update_course:6231272852
update_enrolment:13314521522
update_student:18796176304
delete_enrolment:3988914179
delete_student:7125219936
delete_course:1928830152
#RUN:22#INSERT
insert_student:548976368
insert_course:574434981
insert_enrolment:12213310052
update_course:5339900820
update_enrolment:13445725809
update_student:18863242026
delete_enrolment:4004369138
delete_student:7095456838
delete_course:1982763260
#RUN:23#INSERT
insert_student:553743676
insert_course:545189323
insert_enrolment:13352034813
update_course:6886832709
update_enrolment:13931118593
update_student:20052964973
delete_enrolment:4354260870
delete_student:7860999837
delete_course:2117426757
#RUN:24#INSERT
insert_student:593679844
insert_course:537462597
insert_enrolment:12155057257
update_course:5265787284
update_enrolment:13374966167
update_student:18757281118
delete_enrolment:3984399356
delete_student:7051109950
delete_course:1949542315
#RUN:25#INSERT
insert_student:564480827
insert_course:538258053
insert_enrolment:12598834392
update_course:6668011886
update_enrolment:13920191458
update_student:19702782223
delete_enrolment:4265067958
delete_student:7581725472
delete_course:2106309165
#RUN:26#INSERT
insert_student:565661279
insert_course:531519551
insert_enrolment:12378829431
update_course:5299601712
update_enrolment:13456808825
update_student:18988631290
delete_enrolment:4079968839
delete_student:7828704438
delete_course:2043583894
#RUN:27#INSERT
insert_student:587698251
insert_course:534703805
insert_enrolment:12288457987
update_course:6124220050
update_enrolment:13479488159
update_student:18849995375
delete_enrolment:3984208485
delete_student:7045756550
delete_course:1971456559
#RUN:28#INSERT
insert_student:571961003
insert_course:582913365
insert_enrolment:12161951219
update_course:5273135864
update_enrolment:13994568185
update_student:19510815404
delete_enrolment:4024859464
delete_student:7204362988
delete_course:1955272980
#RUN:29#INSERT
insert_student:579666459
insert_course:546861081
insert_enrolment:12557367352
update_course:6222222684
update_enrolment:13681552623
update_student:18987865891
delete_enrolment:3994462331
delete_student:7123232015
delete_course:1927831256
#RUN:30#INSERT
insert_student:577167540
insert_course:520293464
insert_enrolment:13127173272
update_course:5549503654
update_enrolment:13545031558
update_student:19498159983
delete_enrolment:4184821280
delete_student:7919882045
delete_course:2152862809
#RUN:31#INSERT
insert_student:590711563
insert_course:532503588
insert_enrolment:12330133749
update_course:6083273308
update_enrolment:13480985997
update_student:19173606293
delete_enrolment:4003387510
delete_student:7422129764
delete_course:2152575356
#RUN:32#INSERT
insert_student:579942978
insert_course:515415655
insert_enrolment:12162019907
update_course:5312169802
update_enrolment:13685092395
update_student:19076707995
delete_enrolment:4027108455
delete_student:7114052035
delete_course:1981249614
#RUN:33#INSERT
insert_student:588064996
insert_course:797041378
insert_enrolment:12466947746
update_course:6136317594
update_enrolment:14121806331
update_student:19720599780
delete_enrolment:4037188677
delete_student:7134451376
delete_course:1997667005
#RUN:34#INSERT
insert_student:571453049
insert_course:518628225
insert_enrolment:12341975919
update_course:5289312565
update_enrolment:13419026938
update_student:18857381520
delete_enrolment:3998014715
delete_student:7049334362
delete_course:2006576666
#RUN:35#INSERT
insert_student:703896380
insert_course:529717774
insert_enrolment:12202140552
update_course:6133667927
update_enrolment:13848064599
update_student:20178838044
delete_enrolment:4506860573
delete_student:8298141173
delete_course:2257702178
#RUN:36#INSERT
insert_student:643989106
insert_course:530573657
insert_enrolment:12364022791
update_course:5377748894
update_enrolment:13383828405
update_student:19064572420
delete_enrolment:4064729645
delete_student:7108625274
delete_course:1954822043
#RUN:37#INSERT
insert_student:570649400
insert_course:570755877
insert_enrolment:12188652797
update_course:6176949648
update_enrolment:13609826611
update_student:18931659983
delete_enrolment:3975890182
delete_student:8356358302
delete_course:2053092249
#RUN:38#INSERT
insert_student:544139982
insert_course:542160111
insert_enrolment:12609446669
update_course:5354845667
update_enrolment:13495552488
update_student:19129734825
delete_enrolment:4076045094
delete_student:7154392363
delete_course:2016531596
#RUN:39#INSERT
insert_student:546028822
insert_course:546067387
insert_enrolment:12436190809
update_course:6306168022
update_enrolment:13912884211
update_student:19587447877
delete_enrolment:4218652706
delete_student:8288245176
delete_course:2178477021
#RUN:40#INSERT
insert_student:569925642
insert_course:537093194
insert_enrolment:12707145113
update_course:5392488300
update_enrolment:13697164674
update_student:19676796329
delete_enrolment:4107887055
delete_student:7050884146
delete_course:2046899770
#RUN:41#INSERT
insert_student:609369285
insert_course:559865261
insert_enrolment:12758961912
update_course:6224158624
update_enrolment:13473895890
update_student:19740380700
delete_enrolment:4072428570
delete_student:7377614556
delete_course:2154090434
#RUN:42#INSERT
insert_student:556727219
insert_course:572386351
insert_enrolment:12626571913
update_course:5366137860
update_enrolment:13676418191
update_student:19257945625
delete_enrolment:3951704297
delete_student:7466435150
delete_course:2059991928
#RUN:43#INSERT
insert_student:570797327
insert_course:582531618
insert_enrolment:12334247915
update_course:6144478719
update_enrolment:13541693945
update_student:19262524099
delete_enrolment:4252544183
delete_student:8123980696
delete_course:2180426272
#RUN:44#INSERT
insert_student:558008122
insert_course:571046366
insert_enrolment:12455753831
update_course:5352813143
update_enrolment:13548419456
update_student:18793356091
delete_enrolment:4003202459
delete_student:7089925391
delete_course:1991211689
#RUN:45#INSERT
insert_student:540762011
insert_course:540888926
insert_enrolment:12312047774
update_course:6262539036
update_enrolment:13478213881
update_student:19026639597
delete_enrolment:4019718403
delete_student:7121168491
delete_course:1997989588
#RUN:46#INSERT
insert_student:572714159
insert_course:579723337
insert_enrolment:13049253375
update_course:5355837093
update_enrolment:13645493947
update_student:19078814843
delete_enrolment:4078261884
delete_student:7137890153
delete_course:2021285213
#RUN:47#INSERT
insert_student:551291720
insert_course:534574094
insert_enrolment:13527096199
update_course:6505333847
update_enrolment:13570898311
update_student:19168783781
delete_enrolment:4237368734
delete_student:7345593508
delete_course:2021780023
#RUN:48#INSERT
insert_student:575474376
insert_course:543534390
insert_enrolment:12386288548
update_course:5309097134
update_enrolment:13424993451
update_student:19076190325
delete_enrolment:3965496759
delete_student:7120118440
delete_course:1952773371
#RUN:49#INSERT
insert_student:557468621
insert_course:536088759
insert_enrolment:12620625479
update_course:6559910784
update_enrolment:13558600108
update_student:19174540705
delete_enrolment:4185740713
delete_student:8182678917
delete_course:2170956212
#RUN:50#INSERT
insert_student:564711360
insert_course:594207356
insert_enrolment:12313783788
update_course:5372787908
update_enrolment:13486391066
update_student:18861043069
delete_enrolment:3955475482
delete_student:7051198778
delete_course:1990689872
#RUN:51#INSERT
insert_student:559554890
insert_course:530554366
insert_enrolment:12339083743
update_course:6175256255
update_enrolment:13558789071
update_student:18865800944
delete_enrolment:3997662583
delete_student:7150664954
delete_course:1971476997
#RUN:52#INSERT
insert_student:545671582
insert_course:576383051
insert_enrolment:12258055142
update_course:5330720781
update_enrolment:13563430405
update_student:19532204826
delete_enrolment:4324724679
delete_student:7997924392
delete_course:2077033337
#RUN:53#INSERT
insert_student:552348310
insert_course:531737946
insert_enrolment:12186322830
update_course:6181841324
update_enrolment:13291394445
update_student:18802430607
delete_enrolment:3973174180
delete_student:7417804694
delete_course:2082181790
#RUN:54#INSERT
insert_student:595069453
insert_course:585314123
insert_enrolment:12135662247
update_course:5330294620
update_enrolment:13442958963
update_student:18893057261
delete_enrolment:3998652284
delete_student:9003905694
delete_course:2159888547
#RUN:55#INSERT
insert_student:559747674
insert_course:580030091
insert_enrolment:12311561462
update_course:6146262712
update_enrolment:13600586147
update_student:18725031975
delete_enrolment:4054920635
delete_student:7172852138
delete_course:1952049908
#RUN:56#INSERT
insert_student:558580698
insert_course:535552031
insert_enrolment:12378219626
update_course:5308554692
update_enrolment:13483426811
update_student:19176352393
delete_enrolment:3999937443
delete_student:7112310197
delete_course:2011284525
#RUN:57#INSERT
insert_student:569508951
insert_course:549014495
insert_enrolment:12759443925
update_course:6590984841
update_enrolment:13979329502
update_student:19742044201
delete_enrolment:4113425732
delete_student:7385083794
delete_course:2057398827
#RUN:58#INSERT
insert_student:553759525
insert_course:546484954
insert_enrolment:12394839768
update_course:5290546782
update_enrolment:13488997911
update_student:18898857240
delete_enrolment:4065812130
delete_student:7754365092
delete_course:2002286401
#RUN:59#INSERT
insert_student:557406042
insert_course:527587112
insert_enrolment:12366562121
update_course:6099185649
update_enrolment:13462345017
update_student:19059391989
delete_enrolment:4090971051
delete_student:7117066511
delete_course:2001144151
#RUN:60#INSERT
insert_student:560935798
insert_course:824672613
insert_enrolment:12820231232
update_course:5536997762
update_enrolment:13525245904
update_student:19079028305
delete_enrolment:3981067678
delete_student:7996078683
delete_course:2116806088
#RUN:61#INSERT
insert_student:589344636
insert_course:531040646
insert_enrolment:12178231762
update_course:6102273197
update_enrolment:13319883956
update_student:18765890234
delete_enrolment:4121955953
delete_student:7041239927
delete_course:1967727787
#RUN:62#INSERT
insert_student:565213468
insert_course:525842753
insert_enrolment:12330531220
update_course:5425591082
update_enrolment:13444950467
update_student:19022903405
delete_enrolment:3985084861
delete_student:7251880276
delete_course:2044668429
#RUN:63#INSERT
insert_student:573173079
insert_course:577281468
insert_enrolment:12220629694
update_course:6161982673
update_enrolment:13336322923
update_student:19314818444
delete_enrolment:4068008918
delete_student:7214736909
delete_course:2042218317
#RUN:64#INSERT
insert_student:564431362
insert_course:524688290
insert_enrolment:13491761175
update_course:5496515958
update_enrolment:13410742120
update_student:19201155390
delete_enrolment:4083946297
delete_student:7771911034
delete_course:2159796847
#RUN:65#INSERT
insert_student:590456160
insert_course:538473572
insert_enrolment:12302177638
update_course:6102874890
update_enrolment:13422624105
update_student:19183351977
delete_enrolment:3973952280
delete_student:7349285384
delete_course:2088375294
#RUN:66#INSERT
insert_student:551465380
insert_course:521874296
insert_enrolment:12089547445
update_course:5377778783
update_enrolment:13165343849
update_student:18686689694
delete_enrolment:3912772493
delete_student:7058110161
delete_course:1928320444
#RUN:67#INSERT
insert_student:563776138
insert_course:511199973
insert_enrolment:12424333536
update_course:6436363792
update_enrolment:13291934708
update_student:18993678750
delete_enrolment:3989084439
delete_student:7155426943
delete_course:2068962697
#RUN:68#INSERT
insert_student:550677509
insert_course:589204762
insert_enrolment:12128440976
update_course:5319725900
update_enrolment:13344832402
update_student:18658301956
delete_enrolment:3990574378
delete_student:7144304760
delete_course:1971360341
#RUN:69#INSERT
insert_student:570937198
insert_course:534843391
insert_enrolment:12646143778
update_course:6336585631
update_enrolment:13372520635
update_student:19198058135
delete_enrolment:4272651782
delete_student:8079267029
delete_course:2142734279
#RUN:70#INSERT
insert_student:610140698
insert_course:530474231
insert_enrolment:12184996225
update_course:5318325171
update_enrolment:13370343065
update_student:18645242222
delete_enrolment:3923365923
delete_student:7356518613
delete_course:2076533325
#RUN:71#INSERT
insert_student:559948489
insert_course:596176948
insert_enrolment:12191978318
update_course:6200388058
update_enrolment:13413848242
update_student:18909179485
delete_enrolment:3954691135
delete_student:7067010091
delete_course:2016880787
#RUN:72#INSERT
insert_student:555084761
insert_course:525413286
insert_enrolment:14468914452
update_course:5535166113
update_enrolment:13316832873
update_student:19176512170
delete_enrolment:4164671890
delete_student:7290355983
delete_course:2008056816
#RUN:73#INSERT
insert_student:560576660
insert_course:519687238
insert_enrolment:12213418474
update_course:6062437912
update_enrolment:13346123987
update_student:18773415093
delete_enrolment:3984079026
delete_student:7093762711
delete_course:1949274070
#RUN:74#INSERT
insert_student:585918771
insert_course:528504423
insert_enrolment:12447617073
update_course:5711959189
update_enrolment:13523916226
update_student:19725700421
delete_enrolment:4267613146
delete_student:7831694509
delete_course:1987498524
#RUN:75#INSERT
insert_student:622305586
insert_course:524426326
insert_enrolment:12044512157
update_course:6136669050
update_enrolment:13752704702
update_student:19849573634
delete_enrolment:4213860675
delete_student:7751790427
delete_course:2172604917
#RUN:76#INSERT
insert_student:580877531
insert_course:559431503
insert_enrolment:12401381878
update_course:5593731691
update_enrolment:13288675246
update_student:19080651183
delete_enrolment:4078146741
delete_student:7393399671
delete_course:2013052425
#RUN:77#INSERT
insert_student:556235694
insert_course:532724721
insert_enrolment:12171540561
update_course:6152332918
update_enrolment:13166160916
update_student:18807713348
delete_enrolment:3937152525
delete_student:7053987988
delete_course:1959868816
#RUN:78#INSERT
insert_student:539578571
insert_course:525675571
insert_enrolment:12229232530
update_course:5363115802
update_enrolment:13388519654
update_student:18699301663
delete_enrolment:4024148180
delete_student:7135536206
delete_course:2016423721
#RUN:79#INSERT
insert_student:541881936
insert_course:534181318
insert_enrolment:12306181595
update_course:6174772210
update_enrolment:14348161470
update_student:19665499021
delete_enrolment:4320372476
delete_student:8233939915
delete_course:2137381084
#RUN:80#INSERT
insert_student:559100462
insert_course:558027589
insert_enrolment:12160970802
update_course:5321147056
update_enrolment:13288198034
update_student:18775098262
delete_enrolment:4071899127
delete_student:6988423424
delete_course:1968617881
#RUN:81#INSERT
insert_student:542592105
insert_course:536330530
insert_enrolment:12122663272
update_course:6128561582
update_enrolment:13318830202
update_student:19149000556
delete_enrolment:4064476844
delete_student:7405808119
delete_course:2100083170
#RUN:82#INSERT
insert_student:554525082
insert_course:524713135
insert_enrolment:12083092850
update_course:5352765468
update_enrolment:13741424959
update_student:19691195110
delete_enrolment:4298362708
delete_student:7801782193
delete_course:2057842550
#RUN:83#INSERT
insert_student:542598535
insert_course:573582675
insert_enrolment:12123677420
update_course:6162639921
update_enrolment:13516890687
update_student:18772922325
delete_enrolment:4029762251
delete_student:7148908340
delete_course:1996333433
#RUN:84#INSERT
insert_student:537405632
insert_course:525779681
insert_enrolment:12270546343
update_course:5418209364
update_enrolment:13186072717
update_student:18836532797
delete_enrolment:4139973492
delete_student:7944292658
delete_course:2201241392
#RUN:85#INSERT
insert_student:578465463
insert_course:524327517
insert_enrolment:12174898217
update_course:6152066242
update_enrolment:13247025193
update_student:19448856306
delete_enrolment:3908899104
delete_student:7256705725
delete_course:2026449341
#RUN:86#INSERT
insert_student:553304201
insert_course:535810311
insert_enrolment:12508667707
update_course:5349277671
update_enrolment:13414358645
update_student:18984242720
delete_enrolment:4004581276
delete_student:7061176335
delete_course:2033094802
#RUN:87#INSERT
insert_student:556403369
insert_course:530049397
insert_enrolment:12110307166
update_course:7056718464
update_enrolment:13889876717
update_student:19760432081
delete_enrolment:4325863947
delete_student:8072739570
delete_course:2119097819
#RUN:88#INSERT
insert_student:556885700
insert_course:572917248
insert_enrolment:12143978751
update_course:5279559047
update_enrolment:13261867956
update_student:18691835914
delete_enrolment:3959871110
delete_student:6982894622
delete_course:1969500858
#RUN:89#INSERT
insert_student:598873715
insert_course:514477622
insert_enrolment:12252016567
update_course:6086839102
update_enrolment:14232703680
update_student:19268960850
delete_enrolment:3978923912
delete_student:7069166334
delete_course:1958181316
#RUN:90#INSERT
insert_student:552411957
insert_course:567898449
insert_enrolment:12259700566
update_course:5226893666
update_enrolment:13407778648
update_student:18854789389
delete_enrolment:4039999436
delete_student:7055253805
delete_course:1926813898
#RUN:91#INSERT
insert_student:562522612
insert_course:518508610
insert_enrolment:12525761555
update_course:6843022790
update_enrolment:13393707806
update_student:19945769955
delete_enrolment:4305300575
delete_student:7866411659
delete_course:2106517938
#RUN:92#INSERT
insert_student:563816974
insert_course:524464907
insert_enrolment:12240660656
update_course:5302591577
update_enrolment:13312498128
update_student:18876545221
delete_enrolment:3893721159
delete_student:7074402579
delete_course:1942623789
#RUN:93#INSERT
insert_student:551664558
insert_course:515938663
insert_enrolment:12101225954
update_course:6097982600
update_enrolment:13297354989
update_student:18782282192
delete_enrolment:4013020905
delete_student:7526577561
delete_course:2087610489
#RUN:94#INSERT
insert_student:547826265
insert_course:514732030
insert_enrolment:12118969673
update_course:5307117407
update_enrolment:13140700480
update_student:19719445764
delete_enrolment:4351686533
delete_student:7804491382
delete_course:2103288809
#RUN:95#INSERT
insert_student:550935851
insert_course:523935710
insert_enrolment:12131154029
update_course:6141100152
update_enrolment:13185704792
update_student:18666971011
delete_enrolment:3913001400
delete_student:7012434956
delete_course:1928809920
#RUN:96#INSERT
insert_student:549080513
insert_course:561481070
insert_enrolment:12209402406
update_course:5316083231
update_enrolment:13443303156
update_student:18790842619
delete_enrolment:4066198893
delete_student:7061444201
delete_course:1952858769
#RUN:97#INSERT
insert_student:549805480
insert_course:514234650
insert_enrolment:12143957323
update_course:6079258811
update_enrolment:15296249294
update_student:19562172676
delete_enrolment:4418480420
delete_student:7765110036
delete_course:2057790781
#RUN:98#INSERT
insert_student:578948235
insert_course:532064193
insert_enrolment:12105928385
update_course:5345979611
update_enrolment:13399634844
update_student:19393091983
delete_enrolment:4045425952
delete_student:7241238492
delete_course:2061538955
#RUN:99#INSERT
insert_student:556905050
insert_course:537617006
insert_enrolment:12575100373
update_course:6645485202
update_enrolment:13432187663
update_student:19233220509
delete_enrolment:4472556197
delete_student:8278024631
delete_course:2137011936
#RUN:100#INSERT
insert_student:581367843
insert_course:536514247
insert_enrolment:11994741233
update_course:5304059993
update_enrolment:13312835247
update_student:18760074134
delete_enrolment:3964617673
delete_student:7033166412
delete_course:1971204196
